LOG 2025/03/04
Save Path: F:\Pari\PERSONAL-PROJECT\MyLibrary\DDownloader\DDownloader\bin\Logs
Task Start: 2025/03/04 07:09:17
Task CommandLine: F:\Pari\PERSONAL-PROJECT\MyLibrary\DDownloader\DDownloader\bin\N_m3u8DL-RE.exe https://akm.asia.prd.media.max.com/r/dash.mpd?f.audioCodec=ec-3&f.audioCodec=heaac&f.audioTrack=en-US%7Cdescriptive%2Cprogram&f.audioTrack=ms-MY%7Cprogram&f.audioTrack=th%7Cprogram&f.audioTrack=yue%7Cprogram&f.mergePeriods=true&f.textTrack=en-US&f.textTrack=id&f.textTrack=ms-MY&f.textTrack=th&f.textTrack=zh-Hans-SG&f.textTrack=zh-Hant-TW&f.videoCodec=avc&f.videoDynamicRange=sdr&f.videoMaxHeight=1080&f.videoMaxWidth=1920&r.duration=30.000000&r.duration=6579.864958&r.keymod=2&r.main=1&r.manifest=c90a40be-4b91-4115-b5cd-ae7f3c8bc478%2F0_766fe8.mpd&r.manifest=a10de5ed-df9e-45c5-add7-bae2ef25eebc%2F9_22ee5a.mpd&r.origin=cfc%7Cprd-wbd-apac-vod&x-wbd-tenant=beam&x-wbd-user-home-market=apac -mt -M format=mp4 --save-dir downloads --tmp-dir downloads --del-after-done --decryption-engine FFMPEG --decryption-binary-path F:\Pari\PERSONAL-PROJECT\MyLibrary\DDownloader\DDownloader\bin\ffmpeg.exe --save-name output --key 01010506b0c9b2ffe023b6c0da8775a1:4b0890a4197a206387a16d9751173432 --key 01008f7a67e7ee26345ba9442e9b17b2:9dd51ea8c6c950f26d89afa58871a674 -H "User-Agent: Mozilla/5.0 (Windows NT 10.0; Win64; x64) AppleWebKit/537.36 (KHTML, like Gecko) Chrome/133.0.0.0 Safari/537.36 Edg/133.0.0.0" -H "DNT: 1" -H "Accept: */*" -H "Origin: https://play.max.com" -H "Referer: https://play.max.com/"

07:09:17.082 INFO : N_m3u8DL-RE (Beta version) 20241203
07:09:17.086 EXTRA: ffmpeg => F:\Pari\PERSONAL-PROJECT\MyLibrary\DDownloader\DDownloader\bin\ffmpeg.exe
07:09:17.109 EXTRA: User-Defined Header => user-agent: Mozilla/5.0 (Windows NT 10.0; Win64; x64) AppleWebKit/537.36 (KHTML, like Gecko) Chrome/133.0.0.0 Safari/537.36 Edg/133.0.0.0
07:09:17.110 EXTRA: User-Defined Header => dnt: 1
07:09:17.110 EXTRA: User-Defined Header => accept: */*
07:09:17.111 EXTRA: User-Defined Header => origin: https://play.max.com
07:09:17.111 EXTRA: User-Defined Header => referer: https://play.max.com/
07:09:17.112 INFO : Loading URL: https://akm.asia.prd.media.max.com/r/dash.mpd?f.audioCodec=ec-3&f.audioCodec=heaac&f.audioTrack=en-US%7Cdescriptive%2Cprogram&f.audioTrack=ms-MY%7Cprogram&f.audioTrack=th%7Cprogram&f.audioTrack=yue%7Cprogram&f.mergePeriods=true&f.textTrack=en-US&f.textTrack=id&f.textTrack=ms-MY&f.textTrack=th&f.textTrack=zh-Hans-SG&f.textTrack=zh-Hant-TW&f.videoCodec=avc&f.videoDynamicRange=sdr&f.videoMaxHeight=1080&f.videoMaxWidth=1920&r.duration=30.000000&r.duration=6579.864958&r.keymod=2&r.main=1&r.manifest=c90a40be-4b91-4115-b5cd-ae7f3c8bc478%2F0_766fe8.mpd&r.manifest=a10de5ed-df9e-45c5-add7-bae2ef25eebc%2F9_22ee5a.mpd&r.origin=cfc%7Cprd-wbd-apac-vod&x-wbd-tenant=beam&x-wbd-user-home-market=apac
07:09:17.215 INFO : Content Matched: Dynamic Adaptive Streaming over HTTP
07:09:17.216 INFO : Parsing streams...
07:09:17.229 WARN : Writing meta json
07:09:17.267 INFO : Extracted, there are 42 streams, with 20 basic streams, 10 audio streams, 12 subtitle streams
07:09:17.269 INFO : Vid *CENC 1920x804 | 10393 Kbps | v1 | 23.976 | avc1.640029 | 1 Segment | Main | ~01h49m39s
07:09:17.269 INFO : Vid *CENC 1600x670 | 7583 Kbps | v5 | 23.976 | avc1.640020 | 1 Segment | Main | ~01h49m39s
07:09:17.270 INFO : Vid *CENC 1280x536 | 5271 Kbps | v6 | 23.976 | avc1.64001f | 1 Segment | Main | ~01h49m39s
07:09:17.271 INFO : Vid 1920x1080 | 3668 Kbps | v7 | 25 | avc1.640029 | 1 Segment | Main | ~00m30s
07:09:17.272 INFO : Vid *CENC 1024x428 | 3105 Kbps | v7 | 23.976 | avc1.64001f | 1 Segment | Main | ~01h49m39s
07:09:17.272 INFO : Vid 1600x900 | 2607 Kbps | v0 | 25 | avc1.640028 | 1 Segment | Main | ~00m30s
07:09:17.273 INFO : Vid *CENC 768x322 | 1950 Kbps | v4 | 23.976 | avc1.64001e | 1 Segment | Main | ~01h49m39s
07:09:17.274 INFO : Vid 1280x720 | 1849 Kbps | v5 | 25 | avc1.64001f | 1 Segment | Main | ~00m30s
07:09:17.274 INFO : Vid *CENC 640x268 | 1330 Kbps | v8 | 23.976 | avc1.640015 | 1 Segment | Main | ~01h49m39s
07:09:17.275 INFO : Vid 1024x576 | 1138 Kbps | v4 | 25 | avc1.64001f | 1 Segment | Main | ~00m30s
07:09:17.277 INFO : Vid *CENC 544x228 | 901 Kbps | v3 | 23.976 | avc1.640015 | 1 Segment | Main | ~01h49m39s
07:09:17.278 INFO : Vid 768x432 | 749 Kbps | v1 | 25 | avc1.64001e | 1 Segment | Main | ~00m30s
07:09:17.278 INFO : Vid *CENC 480x200 | 602 Kbps | v0 | 23.976 | avc1.64000d | 1 Segment | Main | ~01h49m39s
07:09:17.279 INFO : Vid 640x360 | 575 Kbps | v3 | 25 | avc1.64001e | 1 Segment | Main | ~00m30s
07:09:17.280 INFO : Vid 544x306 | 453 Kbps | v8 | 25 | avc1.640015 | 1 Segment | Main | ~00m30s
07:09:17.281 INFO : Vid *CENC 416x174 | 411 Kbps | v2 | 23.976 | avc1.64000d | 1 Segment | Main | ~01h49m39s
07:09:17.281 INFO : Vid 480x270 | 343 Kbps | v6 | 25 | avc1.640015 | 1 Segment | Main | ~00m30s
07:09:17.282 INFO : Vid 416x234 | 240 Kbps | v2 | 25 | avc1.64000d | 1 Segment | Main | ~00m30s
07:09:17.283 INFO : Vid 352x148 | 3 Kbps | images_1 | 1316 Segments | ~01h49m40s
07:09:17.284 INFO : Vid 352x198 | 2 Kbps | images_1 | 6 Segments | ~00m30s
07:09:17.285 INFO : Aud *CENC a13 | 258 Kbps | ec-3 | en-US | 6CH | 1 Segment | ~01h49m39s
07:09:17.286 INFO : Aud *CENC a12 | 258 Kbps | ec-3 | en-US | 6CH | 1 Segment | Alternate | ~01h49m39s
07:09:17.287 INFO : Aud *CENC a22 | 258 Kbps | ec-3 | th | 6CH | 1 Segment | ~01h49m39s
07:09:17.288 INFO : Aud *CENC a9 | 130 Kbps | ec-3 | yue | 2CH | 1 Segment | ~01h49m39s
07:09:17.289 INFO : Aud *CENC a1 | 128 Kbps | ec-3 | en-US | 2CH | 2 Segments | ~01h50m09s
07:09:17.289 INFO : Aud *CENC a8 | 66 Kbps | mp4a.40.5 | yue | 2CH | 1 Segment | ~01h49m39s
07:09:17.290 INFO : Aud *CENC a11 | 66 Kbps | mp4a.40.5 | en-US | 2CH | 1 Segment | ~01h49m39s
07:09:17.291 INFO : Aud *CENC a14 | 66 Kbps | mp4a.40.5 | en-US | 2CH | 1 Segment | Alternate | ~01h49m39s
07:09:17.291 INFO : Aud *CENC a21 | 66 Kbps | mp4a.40.5 | th | 2CH | 1 Segment | ~01h49m39s
07:09:17.292 INFO : Aud *CENC a0 | 64 Kbps | mp4a.40.5 | en-US | 2CH | 2 Segments | ~01h50m09s
07:09:17.293 INFO : Sub t5 | th | 1 Segment | Subtitle | ~00m30s
07:09:17.294 INFO : Sub t0 | zh-Hant-TW | 1 Segment | Subtitle | ~00m30s
07:09:17.294 INFO : Sub t1 | zh-Hans-SG | 1 Segment | Subtitle | ~00m30s
07:09:17.295 INFO : Sub t2 | ms-MY | 1 Segment | Subtitle | ~00m30s
07:09:17.296 INFO : Sub t4 | id | 1 Segment | Subtitle | ~00m30s
07:09:17.297 INFO : Sub t3 | en-US | 1 Segment | Subtitle | ~00m30s
07:09:17.297 INFO : Sub t7 | th | 6 Segments | Subtitle | ~01h49m39s
07:09:17.298 INFO : Sub t13 | en-US | 6 Segments | ~01h49m39s
07:09:17.299 INFO : Sub t14 | ms-MY | 6 Segments | Subtitle | ~01h49m39s
07:09:17.300 INFO : Sub t18 | zh-Hant-TW | 6 Segments | Subtitle | ~01h49m39s
07:09:17.301 INFO : Sub t20 | id | 6 Segments | Subtitle | ~01h49m39s
07:09:17.301 INFO : Sub t19 | zh-Hans-SG | 6 Segments | Subtitle | ~01h49m39s
07:09:47.427 INFO : Parsing streams...
07:09:47.719 INFO : Selected streams:
07:09:47.720 INFO : Vid 1920x1080 | 3668 Kbps | v7 | 25 | avc1.640029 | 1 Segment | Main | ~00m30s
07:09:47.721 INFO : Aud *CENC a13 | 258 Kbps | ec-3 | en-US | 6CH | 1 Segment | ~01h49m39s
07:09:47.721 INFO : Sub t2 | ms-MY | 1 Segment | Subtitle | ~00m30s
07:09:47.722 INFO : Sub t4 | id | 1 Segment | Subtitle | ~00m30s
07:09:47.722 INFO : Sub t3 | en-US | 1 Segment | Subtitle | ~00m30s
07:09:47.723 WARN : Writing meta json
07:09:47.724 INFO : Save Name: output
07:09:47.725 WARN : MuxAfterDone is detected, binary merging is automatically enabled
07:09:47.921 WARN : The entire file has been cut into small segments to accelerate
07:09:47.923 INFO : Start downloading...Sub t4 | id | Subtitle
07:09:47.929 WARN : The entire file has been cut into small segments to accelerate
07:09:47.929 WARN : The entire file has been cut into small segments to accelerate
07:09:47.931 INFO : Start downloading...Vid 1920x1080 | 3668 Kbps | v7 | 25 | avc1.640029 | Main
07:09:47.932 INFO : Start downloading...Sub t2 | ms-MY | Subtitle
07:09:47.933 WARN : The entire file has been cut into small segments to accelerate
07:09:47.935 INFO : Start downloading...Sub t3 | en-US | Subtitle
07:09:47.979 WARN : Reading media info...
07:09:48.003 WARN : Reading media info...
07:09:48.005 WARN : Reading media info...
07:09:48.181 WARN : The entire file has been cut into small segments to accelerate
07:09:48.184 INFO : Start downloading...Aud a13 | 258 Kbps | ec-3 | en-US | 6CH
07:09:49.138 WARN : Reading media info...
07:09:49.487 INFO : NaN: Subtitle, webvtt
07:09:49.487 INFO : NaN: Subtitle, webvtt
07:09:49.490 WARN : Extracting VTT(raw) subtitle...
07:09:49.487 INFO : NaN: Subtitle, webvtt
07:09:49.491 WARN : Extracting VTT(raw) subtitle...
07:09:49.493 WARN : Extracting VTT(raw) subtitle...
07:09:49.500 INFO : Binary merging...
07:09:49.500 INFO : Binary merging...
07:09:49.500 INFO : Binary merging...
07:09:49.504 INFO : [0x1]: Video, h264 (High) (avc1), 1920x1080, 25 fps, 2797 kb/s
07:09:49.528 INFO : Binary merging...
07:09:50.236 WARN : Type: cenc
07:09:50.238 WARN : KID: 01008f7a67e7ee26345ba9442e9b17b2
07:09:50.240 WARN : Reading media info...
07:09:50.636 INFO : [0x1]: Audio, eac3 (ec-3), 256 kb/s
07:10:11.068 INFO : Binary merging...
07:10:13.288 WARN : Type: cenc
07:10:13.290 WARN : KID: 01008f7a67e7ee26345ba9442e9b17b2
07:10:13.291 INFO : Decrypting using FFMPEG...
07:10:13.708 ERROR: Decryption failed
07:10:13.712 WARN : output.mp4
07:10:13.713 WARN : output.en-US.m4a
07:10:13.713 WARN : output.ms-MY.srt
07:10:13.714 WARN : output.id.srt
07:10:13.715 WARN : output.en-US.srt
07:10:13.715 WARN : Muxing to output.MUX.mp4
07:10:14.129 WARN : [mp4 @ 00000181ebda5840] track 1: codec frame size is not set
07:10:14.137 WARN : [mp4 @ 00000181ebda5840] Dropping invalid packet from start of the stream
07:10:14.146 WARN :     Last message repeated 2 times
07:10:14.148 WARN : [vost#0:0/copy @ 00000181ebda7140] Error submitting a packet to the muxer: Invalid data found when processing input
07:10:14.149 WARN :     Last message repeated 1 times
07:10:14.150 WARN : [out#0/mp4 @ 00000181ebda5740] Error muxing a packet
07:10:14.151 WARN : [out#0/mp4 @ 00000181ebda5740] Task finished with error code: -1094995529 (Invalid data found when processing input)
07:10:14.152 WARN : [out#0/mp4 @ 00000181ebda5740] Terminating thread with return code -1094995529 (Invalid data found when processing input)
07:10:14.156 ERROR: Mux failed
07:10:14.157 ERROR: Failed
