LOG 2025/04/15
Save Path: F:\Pari\PERSONAL-PROJECT\MyLibrary\DDownloader\DDownloader\bin\Logs
Task Start: 2025/04/15 00:26:16
Task CommandLine: F:\Pari\PERSONAL-PROJECT\MyLibrary\DDownloader\DDownloader\bin\N_m3u8DL-RE.exe https://a47avoddashs3ww-a.akamaihd.net/3$0ChoIAiAlMAFSBoDAAoHwA3oDgLgXggEBAYgBBBgB/1@9e6ca0acda5a8ea1887f54fc0fa13c5ap/ondemand/ww_nrt/818a/d82f/0e21/43a1-bdf2-b625525b75aa/be96c665-56a1-47cf-a0b0-a81759411abf_corrected.mpd?custom=true&encoding=segmentBase -mt -M format=mp4 --save-dir downloads --tmp-dir downloads --del-after-done --decryption-engine FFMPEG --decryption-binary-path F:\Pari\PERSONAL-PROJECT\MyLibrary\DDownloader\DDownloader\bin\ffmpeg.exe --save-name chiiroi --key a7a53e8cc50442309c334b81b5ba49b8:f23ab6d810e51421b652c07d6c4da253

00:26:17.014 INFO : N_m3u8DL-RE (Beta version) 20241203
00:26:17.048 EXTRA: ffmpeg => F:\Pari\PERSONAL-PROJECT\MyLibrary\DDownloader\DDownloader\bin\ffmpeg.exe
00:26:17.050 INFO : Loading URL: https://a47avoddashs3ww-a.akamaihd.net/3$0ChoIAiAlMAFSBoDAAoHwA3oDgLgXggEBAYgBBBgB/1@9e6ca0acda5a8ea1887f54fc0fa13c5ap/ondemand/ww_nrt/818a/d82f/0e21/43a1-bdf2-b625525b75aa/be96c665-56a1-47cf-a0b0-a81759411abf_corrected.mpd?custom=true&encoding=segmentBase
00:26:17.408 INFO : Content Matched: Dynamic Adaptive Streaming over HTTP
00:26:17.416 INFO : Parsing streams...
00:26:17.482 WARN : Writing meta json
00:26:17.486 INFO : Extracted, there are 32 streams, with 24 basic streams, 8 audio streams, 0 subtitle streams
00:26:17.487 INFO : Vid 1920x1080 | 15000 Kbps | video=15000000 | avc1.640028 | 1 Segment | Main | ~00m32s
00:26:17.487 INFO : Vid *CENC 1920x800 | 15000 Kbps | video=15000000 | avc1.640028 | 1 Segment | Main | ~01h44m38s
00:26:17.488 INFO : Vid 1920x1080 | 8000 Kbps | video=8000000 | avc1.640028 | 1 Segment | Main | ~00m32s
00:26:17.488 INFO : Vid *CENC 1920x800 | 8000 Kbps | video=8000000 | avc1.640028 | 1 Segment | Main | ~01h44m38s
00:26:17.489 INFO : Vid 1920x1080 | 4000 Kbps | video=4000000 | avc1.640028 | 1 Segment | Main | ~00m32s
00:26:17.490 INFO : Vid *CENC 1920x800 | 4000 Kbps | video=4000000 | avc1.640028 | 1 Segment | Main | ~01h44m38s
00:26:17.490 INFO : Vid 1280x720 | 3000 Kbps | video=3000000 | avc1.64001F | 1 Segment | Main | ~00m32s
00:26:17.491 INFO : Vid *CENC 1280x528 | 3000 Kbps | video=3000000 | avc1.64001F | 1 Segment | Main | ~01h44m38s
00:26:17.491 INFO : Vid 1280x720 | 2000 Kbps | video=2000000 | avc1.64001F | 1 Segment | Main | ~00m32s
00:26:17.492 INFO : Vid *CENC 1280x528 | 2000 Kbps | video=2000000 | avc1.64001F | 1 Segment | Main | ~01h44m38s
00:26:17.492 INFO : Vid 960x540 | 1500 Kbps | video=1500000 | avc1.4D401F | 1 Segment | Main | ~00m32s
00:26:17.493 INFO : Vid *CENC 960x400 | 1500 Kbps | video=1500000 | avc1.4D401F | 1 Segment | Main | ~01h44m38s
00:26:17.493 INFO : Vid 960x540 | 1001 Kbps | video=1001000 | avc1.4D401F | 1 Segment | Main | ~00m32s
00:26:17.494 INFO : Vid *CENC 960x400 | 1001 Kbps | video=1001000 | avc1.4D401F | 1 Segment | Main | ~01h44m38s
00:26:17.494 INFO : Vid 640x360 | 800 Kbps | video=800000 | avc1.4D401E | 1 Segment | Main | ~00m32s
00:26:17.495 INFO : Vid *CENC 704x296 | 800 Kbps | video=800000 | avc1.4D401E | 1 Segment | Main | ~01h44m38s
00:26:17.495 INFO : Vid 640x360 | 501 Kbps | video=501000 | avc1.4D401E | 1 Segment | Main | ~00m32s
00:26:17.496 INFO : Vid *CENC 704x296 | 501 Kbps | video=501000 | avc1.4D401E | 1 Segment | Main | ~01h44m38s
00:26:17.497 INFO : Vid 640x360 | 300 Kbps | video=300000 | avc1.4D401E | 1 Segment | Main | ~00m32s
00:26:17.498 INFO : Vid *CENC 640x272 | 300 Kbps | video=300000 | avc1.4D401E | 1 Segment | Main | ~01h44m38s
00:26:17.499 INFO : Vid 512x288 | 150 Kbps | video=150000 | avc1.4D4016 | 1 Segment | Main | ~00m32s
00:26:17.499 INFO : Vid *CENC 512x208 | 150 Kbps | video=150000 | avc1.4D4016 | 1 Segment | Main | ~01h44m38s
00:26:17.500 INFO : Vid 400x224 | 100 Kbps | video=100000 | avc1.4D4016 | 1 Segment | Main | ~00m32s
00:26:17.501 INFO : Vid *CENC 480x200 | 100 Kbps | video=100000 | avc1.4D4016 | 1 Segment | Main | ~01h44m38s
00:26:17.501 INFO : Aud audio_ms-MY_2=128000 | 128 Kbps | mp4a.40.2 | ms | 2CH | 1 Segment | Main | ~00m32s
00:26:17.502 INFO : Aud *CENC audio_id-ID_3=128000 | 128 Kbps | mp4a.40.2 | id | 2CH | 1 Segment | Main | ~01h44m38s
00:26:17.502 INFO : Aud audio_ms-MY_1=64000 | 64 Kbps | mp4a.40.5 | ms | 2CH | 1 Segment | Main | ~00m32s
00:26:17.503 INFO : Aud *CENC audio_id-ID_1=64000 | 64 Kbps | mp4a.40.5 | id | 2CH | 1 Segment | Main | ~01h44m38s
00:26:17.503 INFO : Aud audio_ms-MY=32000 | 32 Kbps | mp4a.40.29 | ms | 2CH | 1 Segment | Main | ~00m32s
00:26:17.504 INFO : Aud *CENC audio_id-ID=32000 | 32 Kbps | mp4a.40.29 | id | 2CH | 1 Segment | Main | ~01h44m38s
00:26:17.505 INFO : Aud audio_ms-MY=20000 | 20 Kbps | mp4a.40.29 | ms | 2CH | 1 Segment | Main | ~00m32s
00:26:17.505 INFO : Aud *CENC audio_id-ID=20000 | 20 Kbps | mp4a.40.29 | id | 2CH | 1 Segment | Main | ~01h44m38s
00:26:32.438 INFO : Parsing streams...
00:26:32.439 INFO : Selected streams:
00:26:32.440 INFO : Vid *CENC 1920x800 | 15000 Kbps | video=15000000 | avc1.640028 | 1 Segment | Main | ~01h44m38s
00:26:32.441 INFO : Aud *CENC audio_id-ID_3=128000 | 128 Kbps | mp4a.40.2 | id | 2CH | 1 Segment | Main | ~01h44m38s
00:26:32.441 WARN : Writing meta json
00:26:32.443 INFO : Save Name: chiiroi
00:26:32.444 WARN : MuxAfterDone is detected, binary merging is automatically enabled
00:26:33.139 WARN : The entire file has been cut into small segments to accelerate
00:26:33.142 INFO : Start downloading...Aud audio_id-ID_3=128000 | 128 Kbps | mp4a.40.2 | id | 2CH | Main
00:26:33.458 WARN : The entire file has been cut into small segments to accelerate
00:26:33.460 INFO : Start downloading...Vid 1920x800 | 15000 Kbps | video=15000000 | avc1.640028 | Main
00:26:35.185 WARN : Type: cenc
00:26:35.186 WARN : PSSH(WV): CAESEBLqSzIgnkT9gE0f01+rE4caBmFtYXpvbiI1Y2lkOnA2VStqTVVFUWpDY00wdUJ0YnBKdUE9PSxFdXBMTWlDZVJQMkFUUi9UWDZzVGh3PT0qAlNEMgA=
00:26:35.187 WARN : KID: 12ea4b32209e44fd804d1fd35fab1387
00:26:35.188 WARN : Reading media info...
00:26:36.738 INFO : [0x1]: Audio, aac (LC) (mp4a), 128 kb/s
00:26:37.567 WARN : Type: cenc
00:26:37.568 WARN : PSSH(WV): CAESEKelPozFBEIwnDNLgbW6SbgaBmFtYXpvbiI1Y2lkOnA2VStqTVVFUWpDY00wdUJ0YnBKdUE9PSxFdXBMTWlDZVJQMkFUUi9UWDZzVGh3PT0qAlNEMgA=
00:26:37.571 WARN : KID: a7a53e8cc50442309c334b81b5ba49b8
00:26:37.571 WARN : Reading media info...
00:26:37.738 INFO : [0x1]: Video, h264 (High) (avc1), 1920x800, 24 fps, 1580 kb/s
00:26:54.941 INFO : Binary merging...
00:26:55.844 WARN : Type: cenc
00:26:55.845 WARN : PSSH(WV): CAESEBLqSzIgnkT9gE0f01+rE4caBmFtYXpvbiI1Y2lkOnA2VStqTVVFUWpDY00wdUJ0YnBKdUE9PSxFdXBMTWlDZVJQMkFUUi9UWDZzVGh3PT0qAlNEMgA=
00:26:55.847 WARN : KID: 12ea4b32209e44fd804d1fd35fab1387
00:26:55.848 INFO : Decrypting using FFMPEG...
00:29:40.157 INFO : Binary merging...
00:30:01.661 WARN : Type: cenc
00:30:01.663 WARN : PSSH(WV): CAESEKelPozFBEIwnDNLgbW6SbgaBmFtYXpvbiI1Y2lkOnA2VStqTVVFUWpDY00wdUJ0YnBKdUE9PSxFdXBMTWlDZVJQMkFUUi9UWDZzVGh3PT0qAlNEMgA=
00:30:01.664 WARN : KID: a7a53e8cc50442309c334b81b5ba49b8
00:30:01.665 INFO : Decrypting using FFMPEG...
00:30:25.050 WARN : chiiroi.mp4
00:30:25.051 WARN : chiiroi.id.m4a
00:30:25.052 WARN : Muxing to chiiroi.MUX.mp4
00:30:25.119 WARN : [aac @ 000002c1ec1da900] channel element 3.7 is not allocated
00:30:25.120 WARN : [mp4 @ 000002c1ec7a2840] track 1: codec frame size is not set
00:30:25.191 WARN : [mp4 @ 000002c1ec7a2840] aac bitstream error
00:30:46.676 WARN :     Last message repeated 57 times
00:30:46.774 WARN : Cleaning files...
00:30:47.089 WARN : Rename to chiiroi.mp4
00:30:47.090 INFO : Done
