LOG 2025/03/09
Save Path: F:\Pari\PERSONAL-PROJECT\MyLibrary\DDownloader\DDownloader\bin\Logs
Task Start: 2025/03/09 08:30:46
Task CommandLine: F:\Pari\PERSONAL-PROJECT\MyLibrary\DDownloader\DDownloader\bin\N_m3u8DL-RE.exe http://127.0.0.1:1337/dev/sooka/rewrite?url=https://vodejitp-asset-playback-b.astro.com.my/v4/default/cmaf-dash-wv/vode/4936610e-31b6-5d77-b1a1-809b00719c98/default_dash.mpd -mt -M format=mp4 --save-dir downloads --tmp-dir downloads --del-after-done --decryption-engine FFMPEG --decryption-binary-path F:\Pari\PERSONAL-PROJECT\MyLibrary\DDownloader\DDownloader\bin\ffmpeg.exe --save-name vodejitp_asset_playback_b_astro_com_my --key f517b7931f64fcaa21f038006aba5610:2f44f6dbce5b8d18a961d7b509811f14 -H "authorization: Bearer eyJraWQiOiJkNGZhMDkyMi1lOTdjLTRiYTUtOWM1OS0yMTY0YjQzOGE2ZjUiLCJqa3UiOiJodHRwczovL3NnLXNnLXNnLmFzdHJvLmNvbS5teTo5NDQzL29hdXRoMi9qd2tzP2tpZD1kNGZhMDkyMi1lOTdjLTRiYTUtOWM1OS0yMTY0YjQzOGE2ZjUiLCJhbGciOiJSUzI1NiJ9.eyJpYXQiOjE3NDE0ODAxMjAsInN1YiI6Ijg0NDQ1NzQxIiwiYXVkIjoiaXZwLnNlc3Npb25ndWFyZCIsImV4cCI6MTc0MTQ5MDkyMCwic2Vzc2lvbl9kYXRhIjp7InNlc3Npb24iOnsiZGV2SWQiOiI4NDQ0NTc0MS4yMWYyMjg0OC1lNDMxLTQ2ZmMtYWJhZi01NTk4ZmY3YWRlMDEiLCJndWVzdE1vZGUiOmZhbHNlLCJoaElkIjoiODQ0NDU3NDEiLCJidXNVbml0SWQiOiJBU1RSTyJ9fSwiZGV2aWNlRnVsbFR5cGUiOiJCcm93c2VyLURlZmF1bHQiLCJzY29wZSI6ImJyb3dzZSBwbGF5YmFjayIsInRva2VuX3R5cGUiOiJhY2Nlc3NfdG9rZW4iLCJzc2FfanRpIjoiYnJvd3NlciIsImNsaWVudF9pZCI6ImJyb3dzZXIiLCJqdGkiOiIzN2Y4OGU1Zi00MTg3LTRhYjMtYTU2Yy1hYzY3OTEzNDdmYTkifQ.YewZR145EIsUh5x1D2VprCXZZetQcFSrh5uFmCH9JWbxUHicqo0Oa-w-iCQRGO3A047gX4VwmTJyFJ_ikqH3YVuZxWF5WmHSZC4FqtrBntuoh1g8xN7Io6KZVooHfVGtxn3IVUjRQmVBim8wvZQ64Gh7EGxkh8IhEpLGmZ19n7nnA74dCf6lAgEQOApzklJ3CxJdPsequxrcBj_vRz4p7ryzayxbNEsEXtNgGw66qTPzRLGC6o1Hn1F8DI9h7Jb9kYGxOxF8_iYN-EIl4INhsbdAsIACQ-7DjOq9W0s1hvyzmZzgdREYEE1osGtCrDV_VjZkLaDN6towqvAcRvb-uA" -H "cache-control: no-cache , no-store" -H "accept-language: en" -H "User-Agent: Mozilla/5.0 (Windows NT 10.0; Win64; x64) AppleWebKit/537.36 (KHTML, like Gecko) Chrome/134.0.0.0 Safari/537.36" -H "content-type: application/json" -H "Origin: https://astrogo.astro.com.my" -H "Sec-Fetch-Site: same-site" -H "Sec-Fetch-Mode: cors" -H "Sec-Fetch-Dest: empty" -H "Referer: https://astrogo.astro.com.my/"

08:30:46.744 INFO : N_m3u8DL-RE (Beta version) 20241203
08:30:46.916 EXTRA: ffmpeg => F:\Pari\PERSONAL-PROJECT\MyLibrary\DDownloader\DDownloader\bin\ffmpeg.exe
08:30:46.917 EXTRA: User-Defined Header => authorization: Bearer eyJraWQiOiJkNGZhMDkyMi1lOTdjLTRiYTUtOWM1OS0yMTY0YjQzOGE2ZjUiLCJqa3UiOiJodHRwczovL3NnLXNnLXNnLmFzdHJvLmNvbS5teTo5NDQzL29hdXRoMi9qd2tzP2tpZD1kNGZhMDkyMi1lOTdjLTRiYTUtOWM1OS0yMTY0YjQzOGE2ZjUiLCJhbGciOiJSUzI1NiJ9.eyJpYXQiOjE3NDE0ODAxMjAsInN1YiI6Ijg0NDQ1NzQxIiwiYXVkIjoiaXZwLnNlc3Npb25ndWFyZCIsImV4cCI6MTc0MTQ5MDkyMCwic2Vzc2lvbl9kYXRhIjp7InNlc3Npb24iOnsiZGV2SWQiOiI4NDQ0NTc0MS4yMWYyMjg0OC1lNDMxLTQ2ZmMtYWJhZi01NTk4ZmY3YWRlMDEiLCJndWVzdE1vZGUiOmZhbHNlLCJoaElkIjoiODQ0NDU3NDEiLCJidXNVbml0SWQiOiJBU1RSTyJ9fSwiZGV2aWNlRnVsbFR5cGUiOiJCcm93c2VyLURlZmF1bHQiLCJzY29wZSI6ImJyb3dzZSBwbGF5YmFjayIsInRva2VuX3R5cGUiOiJhY2Nlc3NfdG9rZW4iLCJzc2FfanRpIjoiYnJvd3NlciIsImNsaWVudF9pZCI6ImJyb3dzZXIiLCJqdGkiOiIzN2Y4OGU1Zi00MTg3LTRhYjMtYTU2Yy1hYzY3OTEzNDdmYTkifQ.YewZR145EIsUh5x1D2VprCXZZetQcFSrh5uFmCH9JWbxUHicqo0Oa-w-iCQRGO3A047gX4VwmTJyFJ_ikqH3YVuZxWF5WmHSZC4FqtrBntuoh1g8xN7Io6KZVooHfVGtxn3IVUjRQmVBim8wvZQ64Gh7EGxkh8IhEpLGmZ19n7nnA74dCf6lAgEQOApzklJ3CxJdPsequxrcBj_vRz4p7ryzayxbNEsEXtNgGw66qTPzRLGC6o1Hn1F8DI9h7Jb9kYGxOxF8_iYN-EIl4INhsbdAsIACQ-7DjOq9W0s1hvyzmZzgdREYEE1osGtCrDV_VjZkLaDN6towqvAcRvb-uA
08:30:46.918 EXTRA: User-Defined Header => cache-control: no-cache , no-store
08:30:46.918 EXTRA: User-Defined Header => accept-language: en
08:30:46.919 EXTRA: User-Defined Header => user-agent: Mozilla/5.0 (Windows NT 10.0; Win64; x64) AppleWebKit/537.36 (KHTML, like Gecko) Chrome/134.0.0.0 Safari/537.36
08:30:46.919 EXTRA: User-Defined Header => content-type: application/json
08:30:46.919 EXTRA: User-Defined Header => origin: https://astrogo.astro.com.my
08:30:46.920 EXTRA: User-Defined Header => sec-fetch-site: same-site
08:30:46.920 EXTRA: User-Defined Header => sec-fetch-mode: cors
08:30:46.921 EXTRA: User-Defined Header => sec-fetch-dest: empty
08:30:46.921 EXTRA: User-Defined Header => referer: https://astrogo.astro.com.my/
08:30:46.922 INFO : Loading URL: http://127.0.0.1:1337/dev/sooka/rewrite?url=https://vodejitp-asset-playback-b.astro.com.my/v4/default/cmaf-dash-wv/vode/4936610e-31b6-5d77-b1a1-809b00719c98/default_dash.mpd
08:30:48.113 INFO : Content Matched: Dynamic Adaptive Streaming over HTTP
08:30:48.115 INFO : Parsing streams...
08:30:48.153 WARN : Writing meta json
08:30:48.154 INFO : Extracted, there are 15 streams, with 12 basic streams, 1 audio streams, 2 subtitle streams
08:30:48.154 INFO : Vid *CENC 3840x2160 | 8000 Kbps | video=8000000 | avc1.640033 | 479 Segments | ~47m49s
08:30:48.155 INFO : Vid 3840x2160 | 8000 Kbps | video=8000000 | avc1.640033 | 479 Segments | ~47m49s
08:30:48.156 INFO : Vid *CENC 1920x1080 | 4320 Kbps | video=4320400 | avc1.64002A | 479 Segments | ~47m49s
08:30:48.156 INFO : Vid 1920x1080 | 4320 Kbps | video=4320400 | avc1.64002A | 479 Segments | ~47m49s
08:30:48.157 INFO : Vid *CENC 1024x576 | 1791 Kbps | Video5 | 25 | avc1.64001f | 479 Segments | ~47m49s
08:30:48.157 INFO : Vid *CENC 1280x720 | 1649 Kbps | video=1649200 | avc1.640029 | 479 Segments | ~47m49s
08:30:48.158 INFO : Vid 1280x720 | 1649 Kbps | video=1649200 | avc1.640029 | 479 Segments | ~47m49s
08:30:48.159 INFO : Vid *CENC 854x480 | 1359 Kbps | Video4 | 25 | avc1.64001f | 479 Segments | ~47m49s
08:30:48.160 INFO : Vid *CENC 640x360 | 845 Kbps | Video3 | 25 | avc1.64001f | 479 Segments | ~47m49s
08:30:48.160 INFO : Vid *CENC 512x288 | 448 Kbps | Video2 | 25 | avc1.64001f | 479 Segments | ~47m49s
08:30:48.161 INFO : Vid *CENC 256x144 | 233 Kbps | Video1 | 25 | avc1.64001f | 479 Segments | ~47m49s
08:30:48.161 INFO : Vid 256x144 | 233 Kbps | IFrame1 | 0.5 | avc1.64001f | 479 Segments | ~47m49s
08:30:48.162 INFO : Aud *CENC Audio1 | 67 Kbps | mp4a.40.2 | may | 2CH | 479 Segments | ~47m48s
08:30:48.162 INFO : Sub Ttml1 | eng | stpp | 479 Segments | ~47m49s
08:30:48.163 INFO : Sub Ttml2 | may | stpp | 479 Segments | ~47m49s
08:31:03.249 INFO : Parsing streams...
08:31:03.251 INFO : Selected streams:
08:31:03.258 INFO : Vid 1920x1080 | 4320 Kbps | video=4320400 | avc1.64002A | 479 Segments | ~47m49s
08:31:03.259 INFO : Aud *CENC Audio1 | 67 Kbps | mp4a.40.2 | may | 2CH | 479 Segments | ~47m48s
08:31:03.260 INFO : Sub Ttml1 | eng | stpp | 479 Segments | ~47m49s
08:31:03.260 WARN : Writing meta json
08:31:03.261 INFO : Save Name: vodejitp_asset_playback_b_astro_com_my
08:31:03.261 WARN : MuxAfterDone is detected, binary merging is automatically enabled
08:31:03.284 INFO : Start downloading...Aud Audio1 | 67 Kbps | mp4a.40.2 | may | 2CH
08:31:03.285 INFO : Start downloading...Vid 1920x1080 | 4320 Kbps | video=4320400 | avc1.64002A
08:31:03.285 INFO : Start downloading...Sub Ttml1 | eng | stpp
08:31:03.338 WARN : Type: cenc
08:31:03.339 WARN : PSSH(WV): IiQ0OTM2NjEwZS0zMWI2LTVkNzctYjFhMS04MDliMDA3MTljOThI49yVmwY=
08:31:03.339 WARN : KID: f517b7931f64fcaa21f038006aba5610
08:31:03.340 WARN : Reading media info...
08:31:03.341 WARN : Reading media info...
08:31:03.389 EXTRA: Ah oh!
RetryCount => 3
Exception  => Response status code does not indicate success: 404 (Not Found).
Url        => https://vodejitp-asset-playback-b.astro.com.my/v4/default/cmaf-dash-wv/vode/4936610e-31b6-5d77-b1a1-809b00719c98/0/init-iframe-video=4320400.mp4
08:31:03.722 INFO : [0x7d00]: Subtitle, ttml (stpp) (default)
08:31:03.722 INFO : [0x1e2]: Audio, aac (mp4a), 63 kb/s
08:31:04.480 EXTRA: Ah oh!
RetryCount => 2
Exception  => Response status code does not indicate success: 404 (Not Found).
Url        => https://vodejitp-asset-playback-b.astro.com.my/v4/default/cmaf-dash-wv/vode/4936610e-31b6-5d77-b1a1-809b00719c98/0/init-iframe-video=4320400.mp4
08:31:05.587 EXTRA: Ah oh!
RetryCount => 1
Exception  => Response status code does not indicate success: 404 (Not Found).
Url        => https://vodejitp-asset-playback-b.astro.com.my/v4/default/cmaf-dash-wv/vode/4936610e-31b6-5d77-b1a1-809b00719c98/0/init-iframe-video=4320400.mp4
08:31:06.660 EXTRA: Ah oh!
RetryCount => 0
Exception  => Response status code does not indicate success: 404 (Not Found).
Url        => https://vodejitp-asset-playback-b.astro.com.my/v4/default/cmaf-dash-wv/vode/4936610e-31b6-5d77-b1a1-809b00719c98/0/init-iframe-video=4320400.mp4
08:31:06.661 EXTRA: The retry attempts have been exhausted and the download of this segment has failed.
Exception  => Response status code does not indicate success: 404 (Not Found).
Url        => https://vodejitp-asset-playback-b.astro.com.my/v4/default/cmaf-dash-wv/vode/4936610e-31b6-5d77-b1a1-809b00719c98/0/init-iframe-video=4320400.mp4
08:31:06.661 WARN : Response status code does not indicate success: 404 (Not Found).
08:31:07.383 WARN : vodejitp_asset_playback_b_astro_com_my.eng.srt => vodejitp_asset_playback_b_astro_com_my.eng.copy.srt
08:31:07.385 WARN : Extracting TTML(mp4) subtitle...
08:31:07.678 INFO : Binary merging...
08:31:08.795 WARN : vodejitp_asset_playback_b_astro_com_my.may.m4a => vodejitp_asset_playback_b_astro_com_my.may.copy.m4a
08:31:08.796 INFO : Binary merging...
08:31:09.120 WARN : Type: cenc
08:31:09.121 WARN : PSSH(WV): IiQ0OTM2NjEwZS0zMWI2LTVkNzctYjFhMS04MDliMDA3MTljOThI49yVmwY=
08:31:09.122 WARN : KID: f517b7931f64fcaa21f038006aba5610
08:31:09.123 INFO : Decrypting using FFMPEG...
08:31:10.246 ERROR: Download init file failed!
