LOG 2025/03/06
Save Path: F:\Pari\PERSONAL-PROJECT\MyLibrary\DDownloader\DDownloader\bin\Logs
Task Start: 2025/03/06 02:58:30
Task CommandLine: F:\Pari\PERSONAL-PROJECT\MyLibrary\DDownloader\DDownloader\bin\N_m3u8DL-RE.exe https://akm.asia.prd.media.max.com/r/dash.mpd?f.audioCodec=heaac&f.audioTrack=cmn-TW%7Cprogram&f.audioTrack=en-US%7Cdescriptive%2Cprogram&f.audioTrack=id%7Cprogram&f.audioTrack=ms-MY%7Cprogram&f.audioTrack=th%7Cprogram&f.mergePeriods=true&f.textTrack=en-US&f.textTrack=id&f.textTrack=ms-MY&f.textTrack=th&f.textTrack=zh-Hans-CN&f.textTrack=zh-Hant-TW&f.videoCodec=avc&f.videoDynamicRange=sdr&f.videoMaxHeight=1080&f.videoMaxWidth=1920&r.duration=30.000000&r.duration=5784.069958&r.keymod=2&r.main=1&r.manifest=c90a40be-4b91-4115-b5cd-ae7f3c8bc478%2F0_766fe8.mpd&r.manifest=6399ffc0-1d99-4432-9ad8-9bdbc4f3c5ab%2F8_292d6a.mpd&r.origin=cfc%7Cprd-wbd-apac-vod&x-wbd-tenant=beam&x-wbd-user-home-market=apac -mt -M format=mp4 --save-dir downloads --tmp-dir downloads --del-after-done --decryption-engine FFMPEG --decryption-binary-path F:\Pari\PERSONAL-PROJECT\MyLibrary\DDownloader\DDownloader\bin\ffmpeg.exe --save-name akm_asia_prd_media_max_com --key 01008d4bc56680c495c7dd11d1d257b4:4bbd293784430072d0facd5db7819c77 --key 0101736de6e606aaec2cdeebbb997fa6:81a921e4ebca9a9427dfeb007beda1eb --key 01027c31f075004ef6bfb12405778367:4f223f6f003297f4271b9a2aa9bd453f --key 0105eeacaec8c731bec2c9e4018f6762:00000000000000000000000000000000 -H "User-Agent: Mozilla/5.0 (Windows NT 10.0; Win64; x64) AppleWebKit/537.36 (KHTML, like Gecko) Chrome/133.0.0.0 Safari/537.36" -H "Origin: https://play.max.com" -H "Sec-Fetch-Site: cross-site" -H "Sec-Fetch-Mode: cors" -H "Sec-Fetch-Dest: empty" -H "Referer: https://play.max.com/"

02:58:30.972 INFO : N_m3u8DL-RE (Beta version) 20241203
02:58:30.976 EXTRA: ffmpeg => F:\Pari\PERSONAL-PROJECT\MyLibrary\DDownloader\DDownloader\bin\ffmpeg.exe
02:58:30.976 EXTRA: User-Defined Header => user-agent: Mozilla/5.0 (Windows NT 10.0; Win64; x64) AppleWebKit/537.36 (KHTML, like Gecko) Chrome/133.0.0.0 Safari/537.36
02:58:30.977 EXTRA: User-Defined Header => origin: https://play.max.com
02:58:30.978 EXTRA: User-Defined Header => sec-fetch-site: cross-site
02:58:30.978 EXTRA: User-Defined Header => sec-fetch-mode: cors
02:58:30.979 EXTRA: User-Defined Header => sec-fetch-dest: empty
02:58:30.979 EXTRA: User-Defined Header => referer: https://play.max.com/
02:58:30.980 INFO : Loading URL: https://akm.asia.prd.media.max.com/r/dash.mpd?f.audioCodec=heaac&f.audioTrack=cmn-TW%7Cprogram&f.audioTrack=en-US%7Cdescriptive%2Cprogram&f.audioTrack=id%7Cprogram&f.audioTrack=ms-MY%7Cprogram&f.audioTrack=th%7Cprogram&f.mergePeriods=true&f.textTrack=en-US&f.textTrack=id&f.textTrack=ms-MY&f.textTrack=th&f.textTrack=zh-Hans-CN&f.textTrack=zh-Hant-TW&f.videoCodec=avc&f.videoDynamicRange=sdr&f.videoMaxHeight=1080&f.videoMaxWidth=1920&r.duration=30.000000&r.duration=5784.069958&r.keymod=2&r.main=1&r.manifest=c90a40be-4b91-4115-b5cd-ae7f3c8bc478%2F0_766fe8.mpd&r.manifest=6399ffc0-1d99-4432-9ad8-9bdbc4f3c5ab%2F8_292d6a.mpd&r.origin=cfc%7Cprd-wbd-apac-vod&x-wbd-tenant=beam&x-wbd-user-home-market=apac
02:58:32.125 INFO : Content Matched: Dynamic Adaptive Streaming over HTTP
02:58:32.126 INFO : Parsing streams...
02:58:32.236 WARN : Writing meta json
02:58:32.271 INFO : Extracted, there are 39 streams, with 20 basic streams, 7 audio streams, 12 subtitle streams
02:58:32.272 INFO : Vid *CENC 1920x804 | 12294 Kbps | v4 | 23.976 | avc1.640029 | 1 Segment | Main | ~01h36m24s
02:58:32.273 INFO : Vid *CENC 1600x670 | 8286 Kbps | v3 | 23.976 | avc1.640020 | 1 Segment | Main | ~01h36m24s
02:58:32.274 INFO : Vid *CENC 1280x536 | 5427 Kbps | v8 | 23.976 | avc1.64001f | 1 Segment | Main | ~01h36m24s
02:58:32.274 INFO : Vid 1920x1080 | 3668 Kbps | v7 | 25 | avc1.640029 | 1 Segment | Main | ~00m30s
02:58:32.275 INFO : Vid *CENC 1024x428 | 3427 Kbps | v6 | 23.976 | avc1.64001f | 1 Segment | Main | ~01h36m24s
02:58:32.276 INFO : Vid 1600x900 | 2607 Kbps | v0 | 25 | avc1.640028 | 1 Segment | Main | ~00m30s
02:58:32.276 INFO : Vid *CENC 768x322 | 2161 Kbps | v1 | 23.976 | avc1.64001e | 1 Segment | Main | ~01h36m24s
02:58:32.277 INFO : Vid 1280x720 | 1849 Kbps | v5 | 25 | avc1.64001f | 1 Segment | Main | ~00m30s
02:58:32.278 INFO : Vid *CENC 640x268 | 1481 Kbps | v7 | 23.976 | avc1.640015 | 1 Segment | Main | ~01h36m24s
02:58:32.279 INFO : Vid 1024x576 | 1138 Kbps | v4 | 25 | avc1.64001f | 1 Segment | Main | ~00m30s
02:58:32.280 INFO : Vid *CENC 544x228 | 938 Kbps | v0 | 23.976 | avc1.640015 | 1 Segment | Main | ~01h36m24s
02:58:32.280 INFO : Vid 768x432 | 749 Kbps | v1 | 25 | avc1.64001e | 1 Segment | Main | ~00m30s
02:58:32.281 INFO : Vid *CENC 480x200 | 582 Kbps | v2 | 23.976 | avc1.64000d | 1 Segment | Main | ~01h36m24s
02:58:32.282 INFO : Vid 640x360 | 575 Kbps | v3 | 25 | avc1.64001e | 1 Segment | Main | ~00m30s
02:58:32.282 INFO : Vid 544x306 | 453 Kbps | v8 | 25 | avc1.640015 | 1 Segment | Main | ~00m30s
02:58:32.283 INFO : Vid *CENC 416x174 | 399 Kbps | v5 | 23.976 | avc1.64000d | 1 Segment | Main | ~01h36m24s
02:58:32.284 INFO : Vid 480x270 | 343 Kbps | v6 | 25 | avc1.640015 | 1 Segment | Main | ~00m30s
02:58:32.284 INFO : Vid 416x234 | 240 Kbps | v2 | 25 | avc1.64000d | 1 Segment | Main | ~00m30s
02:58:32.285 INFO : Vid 352x148 | 3 Kbps | images_1 | 1157 Segments | ~01h36m25s
02:58:32.285 INFO : Vid 352x198 | 2 Kbps | images_1 | 6 Segments | ~00m30s
02:58:32.286 INFO : Aud *CENC a26 | 66 Kbps | mp4a.40.5 | id | 2CH | 1 Segment | ~01h36m24s
02:58:32.287 INFO : Aud *CENC a11 | 66 Kbps | mp4a.40.5 | th | 2CH | 1 Segment | ~01h36m24s
02:58:32.287 INFO : Aud *CENC a24 | 66 Kbps | mp4a.40.5 | cmn-TW | 2CH | 1 Segment | ~01h36m24s
02:58:32.288 INFO : Aud *CENC a18 | 66 Kbps | mp4a.40.5 | ms-MY | 2CH | 1 Segment | ~01h36m24s
02:58:32.288 INFO : Aud *CENC a5 | 66 Kbps | mp4a.40.5 | en-US | 2CH | 1 Segment | ~01h36m24s
02:58:32.289 INFO : Aud *CENC a3 | 66 Kbps | mp4a.40.5 | en-US | 2CH | 1 Segment | Alternate | ~01h36m24s
02:58:32.290 INFO : Aud a0 | 64 Kbps | mp4a.40.5 | en-US | 2CH | 1 Segment | ~00m30s
02:58:32.290 INFO : Sub t5 | th | 1 Segment | Subtitle | ~00m30s
02:58:32.291 INFO : Sub t0 | zh-Hant-TW | 1 Segment | Subtitle | ~00m30s
02:58:32.291 INFO : Sub t1 | zh-Hans-SG | 1 Segment | Subtitle | ~00m30s
02:58:32.292 INFO : Sub t2 | ms-MY | 1 Segment | Subtitle | ~00m30s
02:58:32.293 INFO : Sub t4 | id | 1 Segment | Subtitle | ~00m30s
02:58:32.294 INFO : Sub t3 | en-US | 1 Segment | Subtitle | ~00m30s
02:58:32.294 INFO : Sub t22 | th | 7 Segments | Subtitle | ~01h36m24s
02:58:32.295 INFO : Sub t12 | en-US | 7 Segments | ~01h36m24s
02:58:32.296 INFO : Sub t9 | zh-Hans-CN | 7 Segments | Subtitle | ~01h36m24s
02:58:32.296 INFO : Sub t11 | id | 7 Segments | Subtitle | ~01h36m24s
02:58:32.297 INFO : Sub t21 | ms-MY | 7 Segments | Subtitle | ~01h36m24s
02:58:32.297 INFO : Sub t33 | zh-Hant-TW | 7 Segments | Subtitle | ~01h36m24s
02:59:05.849 INFO : Parsing streams...
02:59:06.136 INFO : Selected streams:
02:59:06.137 INFO : Vid *CENC 1920x804 | 12294 Kbps | v4 | 23.976 | avc1.640029 | 1 Segment | Main | ~01h36m24s
02:59:06.138 INFO : Aud *CENC a26 | 66 Kbps | mp4a.40.5 | id | 2CH | 1 Segment | ~01h36m24s
02:59:06.139 INFO : Sub t5 | th | 1 Segment | Subtitle | ~00m30s
02:59:06.139 WARN : Writing meta json
02:59:06.140 INFO : Save Name: akm_asia_prd_media_max_com
02:59:06.141 WARN : MuxAfterDone is detected, binary merging is automatically enabled
02:59:06.271 INFO : Start downloading...Sub t5 | th | Subtitle
02:59:06.327 WARN : Reading media info...
02:59:06.448 WARN : The entire file has been cut into small segments to accelerate
02:59:06.450 INFO : Start downloading...Aud a26 | 66 Kbps | mp4a.40.5 | id | 2CH
02:59:06.949 WARN : The entire file has been cut into small segments to accelerate
02:59:06.958 INFO : Start downloading...Vid 1920x804 | 12294 Kbps | v4 | 23.976 | avc1.640029 | Main
02:59:08.654 WARN : Type: cenc
02:59:08.655 WARN : KID: 0105eeacaec8c731bec2c9e4018f6762
02:59:08.657 WARN : Reading media info...
02:59:08.976 WARN : Type: cenc
02:59:08.977 WARN : KID: 01008d4bc56680c495c7dd11d1d257b4
02:59:08.978 WARN : Reading media info...
02:59:18.315 INFO : NaN: Subtitle, webvtt
02:59:18.317 WARN : Extracting VTT(raw) subtitle...
02:59:18.323 INFO : Binary merging...
02:59:18.326 INFO : [0x1]: Video, h264 (High) (avc1), 1920x804, 23.98 fps, 3465 kb/s
02:59:18.359 INFO : [0x1]: Audio, aac (LC) (mp4a), 62 kb/s
02:59:35.721 INFO : Binary merging...
02:59:36.462 WARN : Type: cenc
02:59:36.464 WARN : KID: 01008d4bc56680c495c7dd11d1d257b4
02:59:36.466 INFO : Decrypting using FFMPEG...
03:01:03.774 INFO : Binary merging...
03:01:15.047 WARN : Type: cenc
03:01:15.049 WARN : KID: 0105eeacaec8c731bec2c9e4018f6762
03:01:15.050 INFO : Decrypting using FFMPEG...
03:01:32.128 WARN : akm_asia_prd_media_max_com.mp4
03:01:32.129 WARN : akm_asia_prd_media_max_com.id.m4a
03:01:32.129 WARN : akm_asia_prd_media_max_com.th.srt
03:01:32.130 WARN : Muxing to akm_asia_prd_media_max_com.MUX.mp4
03:01:32.547 WARN : [h264 @ 0000017e31ae17c0] top block unavailable for requested intra mode -1
03:01:32.549 WARN : [h264 @ 0000017e31ae17c0] error while decoding MB 1 0, bytestream 311
03:01:43.970 WARN : Cleaning files...
03:01:44.132 WARN : Rename to akm_asia_prd_media_max_com.mp4
03:01:44.134 INFO : Done
