LOG 2025/02/22
Save Path: F:\Pari\PERSONAL-PROJECT\MyLibrary\DDownloader\DDownloader\bin\Logs
Task Start: 2025/02/22 11:38:34
Task CommandLine: F:\Pari\PERSONAL-PROJECT\MyLibrary\DDownloader\DDownloader\bin\N_m3u8DL-RE.exe https://media.axprod.net/TestVectors/v7-MultiDRM-MultiKey-MultiPeriod/Manifest.mpd -mt -M format=mp4 --save-dir downloads --tmp-dir downloads --del-after-done --decryption-engine FFMPEG --decryption-binary-path F:\Pari\PERSONAL-PROJECT\MyLibrary\DDownloader\DDownloader\bin\ffmpeg.exe --save-name hm --key 0872786ef9e7465fa3a24e5b0ef8fa45:c3261179bab61eeec979d2d4069511cf --key 914e69f40ab345349e9f9853615e26f6:d0306595460449ce5675224c79baa504 --key da4445c2db5e48efb0963ef347b16c7f:d1a529475012192435506c56c58ee8cc --key 29f05e8fa1ae46e480e922dcd44cd7a1:0711b17c84a90cbb41097264c901b732

11:38:34.613 INFO : N_m3u8DL-RE (Beta version) 20241203
11:38:34.634 EXTRA: ffmpeg => F:\Pari\PERSONAL-PROJECT\MyLibrary\DDownloader\DDownloader\bin\ffmpeg.exe
11:38:34.635 INFO : Loading URL: https://media.axprod.net/TestVectors/v7-MultiDRM-MultiKey-MultiPeriod/Manifest.mpd
11:38:35.551 INFO : Content Matched: Dynamic Adaptive Streaming over HTTP
11:38:35.552 INFO : Parsing streams...
11:38:35.731 WARN : Writing meta json
11:38:35.769 INFO : Extracted, there are 54 streams, with 28 basic streams, 6 audio streams, 20 subtitle streams
11:38:35.771 INFO : Vid *CENC 3840x2160 | 5134 Kbps | 7-8b029e51 | avc1.640034 | 184 Segments | Main | ~12m16s
11:38:35.772 INFO : Vid *CENC 3840x2160 | 5134 Kbps | 7-da4445c2 | avc1.640034 | 184 Segments | Main | ~12m16s
11:38:35.773 INFO : Vid *CENC 3840x2160 | 4424 Kbps | 14-8b029e51 | hev1.2.4.L150.90 | 184 Segments | Main | ~12m15s
11:38:35.773 INFO : Vid *CENC 3840x2160 | 4424 Kbps | 14-da4445c2 | hev1.2.4.L150.90 | 184 Segments | Main | ~12m15s
11:38:35.774 INFO : Vid *CENC 2560x1440 | 4021 Kbps | 6-8b029e51 | avc1.640034 | 184 Segments | Main | ~12m16s
11:38:35.774 INFO : Vid *CENC 2560x1440 | 4021 Kbps | 6-da4445c2 | avc1.640034 | 184 Segments | Main | ~12m16s
11:38:35.776 INFO : Vid *CENC 2560x1440 | 2954 Kbps | 13-8b029e51 | hev1.2.4.L150.90 | 184 Segments | Main | ~12m15s
11:38:35.777 INFO : Vid *CENC 2560x1440 | 2954 Kbps | 13-da4445c2 | hev1.2.4.L150.90 | 184 Segments | Main | ~12m15s
11:38:35.777 INFO : Vid *CENC 1920x1080 | 2723 Kbps | 5-c14f0709 | avc1.640033 | 184 Segments | Main | ~12m16s
11:38:35.778 INFO : Vid *CENC 1920x1080 | 2723 Kbps | 5-914e69f4 | avc1.640033 | 184 Segments | Main | ~12m16s
11:38:35.780 INFO : Vid *CENC 1920x1080 | 1967 Kbps | 12-c14f0709 | hev1.2.4.L120.90 | 184 Segments | Main | ~12m15s
11:38:35.781 INFO : Vid *CENC 1920x1080 | 1967 Kbps | 12-914e69f4 | hev1.2.4.L120.90 | 184 Segments | Main | ~12m15s
11:38:35.782 INFO : Vid *CENC 1280x720 | 1941 Kbps | 4-c14f0709 | avc1.640032 | 184 Segments | Main | ~12m16s
11:38:35.783 INFO : Vid *CENC 1280x720 | 1941 Kbps | 4-914e69f4 | avc1.640032 | 184 Segments | Main | ~12m16s
11:38:35.784 INFO : Vid *CENC 1280x720 | 1474 Kbps | 11-c14f0709 | hev1.2.4.L93.90 | 184 Segments | Main | ~12m15s
11:38:35.784 INFO : Vid *CENC 1280x720 | 1474 Kbps | 11-914e69f4 | hev1.2.4.L93.90 | 184 Segments | Main | ~12m15s
11:38:35.785 INFO : Vid *CENC 852x480 | 1117 Kbps | 3-0872786e | avc1.640028 | 184 Segments | Main | ~12m16s
11:38:35.786 INFO : Vid *CENC 852x480 | 1117 Kbps | 3-0872786e | avc1.640028 | 184 Segments | Main | ~12m16s
11:38:35.787 INFO : Vid *CENC 852x480 | 885 Kbps | 10-0872786e | hev1.2.4.L90.90 | 184 Segments | Main | ~12m15s
11:38:35.788 INFO : Vid *CENC 852x480 | 885 Kbps | 10-0872786e | hev1.2.4.L90.90 | 184 Segments | Main | ~12m15s
11:38:35.788 INFO : Vid *CENC 640x360 | 761 Kbps | 2-0872786e | avc1.64001f | 184 Segments | Main | ~12m16s
11:38:35.789 INFO : Vid *CENC 640x360 | 761 Kbps | 2-0872786e | avc1.64001f | 184 Segments | Main | ~12m16s
11:38:35.790 INFO : Vid *CENC 640x360 | 689 Kbps | 9-0872786e | hev1.2.4.L63.90 | 184 Segments | Main | ~12m15s
11:38:35.791 INFO : Vid *CENC 640x360 | 689 Kbps | 9-0872786e | hev1.2.4.L63.90 | 184 Segments | Main | ~12m15s
11:38:35.792 INFO : Vid *CENC 512x288 | 395 Kbps | 8-0872786e | hev1.2.4.L63.90 | 184 Segments | Main | ~12m15s
11:38:35.793 INFO : Vid *CENC 512x288 | 395 Kbps | 8-0872786e | hev1.2.4.L63.90 | 184 Segments | Main | ~12m15s
11:38:35.794 INFO : Vid *CENC 512x288 | 386 Kbps | 1-0872786e | avc1.64001f | 184 Segments | Main | ~12m16s
11:38:35.795 INFO : Vid *CENC 512x288 | 386 Kbps | 1-0872786e | avc1.64001f | 184 Segments | Main | ~12m16s
11:38:35.796 INFO : Aud *CENC 15-2d6e9387 | 131 Kbps | mp4a.40.29 | en | 2CH | 185 Segments | Main | ~12m14s
11:38:35.797 INFO : Aud *CENC 15-29f05e8f | 131 Kbps | mp4a.40.29 | en | 2CH | 185 Segments | Main | ~12m14s
11:38:35.798 INFO : Aud *CENC 16-de02f07f | 130 Kbps | mp4a.40.29 | en-AU | 2CH | 185 Segments | ~12m14s
11:38:35.798 INFO : Aud 16 | 130 Kbps | mp4a.40.29 | en-AU | 2CH | 185 Segments | ~12m14s
11:38:35.799 INFO : Aud 17 | 130 Kbps | mp4a.40.29 | et-ET | 2CH | 185 Segments | ~12m14s
11:38:35.800 INFO : Aud *CENC 17-69fe7077 | 130 Kbps | mp4a.40.29 | et-ET | 2CH | 185 Segments | ~12m14s
11:38:35.801 INFO : Sub 25 | ru | stpp | 184 Segments | Subtitle | ~12m16s
11:38:35.802 INFO : Sub 25 | ru | stpp | 184 Segments | Subtitle | ~12m16s
11:38:35.803 INFO : Sub 27 | es | stpp | 184 Segments | Subtitle | ~12m16s
11:38:35.804 INFO : Sub 27 | es | stpp | 184 Segments | Subtitle | ~12m16s
11:38:35.805 INFO : Sub 21 | zh-Hant-CN | stpp | 184 Segments | Subtitle | ~12m16s
11:38:35.806 INFO : Sub 21 | zh-Hant-CN | stpp | 184 Segments | Subtitle | ~12m16s
11:38:35.807 INFO : Sub 23 | nl | stpp | 184 Segments | Subtitle | ~12m16s
11:38:35.808 INFO : Sub 23 | nl | stpp | 184 Segments | Subtitle | ~12m16s
11:38:35.809 INFO : Sub 19 | en | stpp | 184 Segments | Main | ~12m16s
11:38:35.809 INFO : Sub 19 | en | stpp | 184 Segments | Main | ~12m16s
11:38:35.810 INFO : Sub 24 | ru | wvtt | 184 Segments | Subtitle | ~12m16s
11:38:35.811 INFO : Sub 24 | ru | wvtt | 184 Segments | Subtitle | ~12m16s
11:38:35.812 INFO : Sub 26 | es | wvtt | 184 Segments | Subtitle | ~12m16s
11:38:35.813 INFO : Sub 26 | es | wvtt | 184 Segments | Subtitle | ~12m16s
11:38:35.814 INFO : Sub 20 | zh-Hant-CN | wvtt | 184 Segments | Subtitle | ~12m16s
11:38:35.815 INFO : Sub 22 | nl | wvtt | 184 Segments | Subtitle | ~12m16s
11:38:35.816 INFO : Sub 20 | zh-Hant-CN | wvtt | 184 Segments | Subtitle | ~12m16s
11:38:35.817 INFO : Sub 22 | nl | wvtt | 184 Segments | Subtitle | ~12m16s
11:38:35.818 INFO : Sub 18 | en | wvtt | 184 Segments | Main | ~12m16s
11:38:35.820 INFO : Sub 18 | en | wvtt | 184 Segments | Main | ~12m16s
11:39:53.915 INFO : Parsing streams...
11:39:54.211 INFO : Selected streams:
11:39:54.212 INFO : Aud *CENC 15-2d6e9387 | 131 Kbps | mp4a.40.29 | en | 2CH | 185 Segments | Main | ~12m14s
11:39:54.212 INFO : Sub 25 | ru | stpp | 184 Segments | Subtitle | ~12m16s
11:39:54.213 WARN : Writing meta json
11:39:54.215 INFO : Save Name: hm
11:39:54.215 WARN : MuxAfterDone is detected, binary merging is automatically enabled
11:39:54.217 INFO : Start downloading...Aud 15-2d6e9387 | 131 Kbps | mp4a.40.29 | en | 2CH | Main
11:39:54.217 INFO : Start downloading...Sub 25 | ru | stpp | Subtitle
11:39:54.823 WARN : Type: cenc
11:39:54.823 WARN : Reading media info...
11:39:54.824 WARN : KID: 2d6e938760ca4145aec2c40837b4b026
11:39:54.825 WARN : Reading media info...
11:39:56.823 INFO : [0x1]: Audio, aac (mp4a), 63 kb/s
11:39:56.831 INFO : [0x1]: Subtitle, ttml (stpp) (default)
11:39:59.845 WARN : Force Exit...
