LOG 2025/03/08
Save Path: F:\Pari\PERSONAL-PROJECT\MyLibrary\DDownloader\DDownloader\bin\Logs
Task Start: 2025/03/08 00:06:25
Task CommandLine: F:\Pari\PERSONAL-PROJECT\MyLibrary\DDownloader\DDownloader\bin\N_m3u8DL-RE.exe https://webr24.hypp.tv:443/88888888/16/20250225/268701039/268701039.mpd?rrsip=webr24.hypp.tv:443&zoneoffset=0&servicetype=0&icpid=&limitflux=-1&limitdur=-1&tenantId=6001&accountinfo=v2ND6XgprfacTCkNM3irtU5Mlv3MhlZ7gk0I8gKSpnnyvBKfypAArVDPozpJ7DBH89rpEe7CP7Qx6tMHqzZJ5J0ENxaJPtI6KTARApipizh0K%2BfYbvhbGJa%2BlUIWwmpCbbca73d8c82709481b98cc513f16611c%3A20250307160943%3AUTC%2C10001000926601%2C115.135.30.56%2C20250307160943%2CSP0000002968%2C10001000926601%2C-1%2C1%2C0%2C%2C%2C1%2C812%2C%2C%2C1%2C10000103413077%2C0%2C10000103426133%2C707746681%2C%2C%2C2%2C1%2C93177614%2CEND&GuardEncType=2&it=H4sIAAAAAAAAAEWOQYvCMBhE_02OIWlCqoecFGFh6Qp29yrT5mssTRs3qcL--7Va8Dozb3hzQksfe0sCxpQgrc1GN53bKrM1BGoKEoJ0xzL9VtEWrEUI_eSr6Bbs57Q7S8EFL7TiUilWL3-HAL9Oq9vYUHpzJ0r3viXrcsfvyBzeJ_KY-zjxY8DfdwrrhFG9uslSS2V0aaQoNJuXtEYeHg27IO_ieEUi9xn9E7AdQiZ2RTvAU4WR7HQL4cV9Jfew-Qf_c0lu9QAAAA -mt -M format=mp4 --save-dir downloads --tmp-dir downloads --del-after-done --decryption-engine FFMPEG --decryption-binary-path F:\Pari\PERSONAL-PROJECT\MyLibrary\DDownloader\DDownloader\bin\ffmpeg.exe --save-name output --key fbe9d51cc717fd1e721d44d4283504e4:a945e072c72ba3237dcf6ecfd93e8c85

00:06:25.986 INFO : N_m3u8DL-RE (Beta version) 20241203
00:06:25.995 EXTRA: ffmpeg => F:\Pari\PERSONAL-PROJECT\MyLibrary\DDownloader\DDownloader\bin\ffmpeg.exe
00:06:25.996 INFO : Loading URL: https://webr24.hypp.tv:443/88888888/16/20250225/268701039/268701039.mpd?rrsip=webr24.hypp.tv:443&zoneoffset=0&servicetype=0&icpid=&limitflux=-1&limitdur=-1&tenantId=6001&accountinfo=v2ND6XgprfacTCkNM3irtU5Mlv3MhlZ7gk0I8gKSpnnyvBKfypAArVDPozpJ7DBH89rpEe7CP7Qx6tMHqzZJ5J0ENxaJPtI6KTARApipizh0K%2BfYbvhbGJa%2BlUIWwmpCbbca73d8c82709481b98cc513f16611c%3A20250307160943%3AUTC%2C10001000926601%2C115.135.30.56%2C20250307160943%2CSP0000002968%2C10001000926601%2C-1%2C1%2C0%2C%2C%2C1%2C812%2C%2C%2C1%2C10000103413077%2C0%2C10000103426133%2C707746681%2C%2C%2C2%2C1%2C93177614%2CEND&GuardEncType=2&it=H4sIAAAAAAAAAEWOQYvCMBhE_02OIWlCqoecFGFh6Qp29yrT5mssTRs3qcL--7Va8Dozb3hzQksfe0sCxpQgrc1GN53bKrM1BGoKEoJ0xzL9VtEWrEUI_eSr6Bbs57Q7S8EFL7TiUilWL3-HAL9Oq9vYUHpzJ0r3viXrcsfvyBzeJ_KY-zjxY8DfdwrrhFG9uslSS2V0aaQoNJuXtEYeHg27IO_ieEUi9xn9E7AdQiZ2RTvAU4WR7HQL4cV9Jfew-Qf_c0lu9QAAAA
00:06:26.323 EXTRA: Redirected => https://pop28clustera00f0051925268a81d05b.hypp.tv/wh7f454c46tw3699052048_840384086/88888888/16/20250225/268701039/268701039.mpd?rrsip=webr24.hypp.tv:443&zoneoffset=0&servicetype=0&icpid=88888888&limitflux=-1&limitdur=-1&tenantId=6001&accountinfo=v2ND6XgprfacTCkNM3irtU5Mlv3MhlZ7gk0I8gKSpnnyvBKfypAArVDPozpJ7DBH89rpEe7CP7Qx6tMHqzZJ5J0ENxaJPtI6KTARApipizh0K%2BfYbvhbGJa%2BlUIWwmpCbbca73d8c82709481b98cc513f16611c%3A20250307160943%3AUTC%2C10001000926601%2C115.135.30.56%2C20250307160943%2CSP0000002968%2C10001000926601%2C-1%2C1%2C0%2C%2C%2C1%2C812%2C%2C%2C1%2C10000103413077%2C0%2C10000103426133%2C707746681%2C%2C%2C2%2C1%2C93177614%2CEND&GuardEncType=2&RTS=1741363829&from=28&hms_devid=64&mag_hms=64,65&it=H4sIAAAAAAAAAy2MwQoCIRQA_2aPD1fF2oOnIugiwVbXeOpTBFtJt4X-vjb2ODAzc0VH56MmhkrtkKRUe2mDH4QaFCFZToyRDF2jlyladA5zTlM0xa_ZfTw8egYMuBTQC9Fd198pY9T8r5r301Ld4NeNVJfkSPsWYMEGGGOliHMqE1wyfm41b8oX0rAOe5oAAAA
00:06:26.385 INFO : Content Matched: Dynamic Adaptive Streaming over HTTP
00:06:26.435 INFO : Parsing streams...
00:06:26.522 WARN : Writing meta json
00:06:26.686 INFO : Extracted, there are 10 streams, with 7 basic streams, 1 audio streams, 2 subtitle streams
00:06:26.687 INFO : Vid *CENC 1920x1080 | 5002 Kbps | video7 | avc1.640028 | 917 Segments | Main | ~01h31m42s
00:06:26.688 INFO : Vid *CENC 1280x720 | 2502 Kbps | video6 | avc1.64001F | 917 Segments | Main | ~01h31m42s
00:06:26.689 INFO : Vid *CENC 1024x576 | 2002 Kbps | video5 | avc1.64001F | 917 Segments | Main | ~01h31m42s
00:06:26.689 INFO : Vid *CENC 960x540 | 1502 Kbps | video4 | avc1.64001F | 917 Segments | Main | ~01h31m42s
00:06:26.690 INFO : Vid *CENC 854x480 | 1002 Kbps | video3 | avc1.64001E | 917 Segments | Main | ~01h31m42s
00:06:26.692 INFO : Vid *CENC 640x360 | 602 Kbps | video2 | avc1.64001E | 917 Segments | Main | ~01h31m42s
00:06:26.692 INFO : Vid *CENC 480x270 | 252 Kbps | video1 | avc1.640015 | 917 Segments | Main | ~01h31m42s
00:06:26.693 INFO : Aud *CENC audio1 | 132 Kbps | mp4a.40.2 | 2CH | 917 Segments | Main | ~01h31m42s
00:06:26.694 INFO : Sub data1 | ms | stpp | 917 Segments | Main | ~01h31m42s
00:06:26.694 INFO : Sub data2 | en | stpp | 917 Segments | Alternate | ~01h31m42s
00:07:54.200 INFO : Parsing streams...
00:07:54.499 INFO : Selected streams:
00:07:54.500 INFO : Vid *CENC 1920x1080 | 5002 Kbps | video7 | avc1.640028 | 917 Segments | Main | ~01h31m42s
00:07:54.501 INFO : Aud *CENC audio1 | 132 Kbps | mp4a.40.2 | 2CH | 917 Segments | Main | ~01h31m42s
00:07:54.502 INFO : Sub data1 | ms | stpp | 917 Segments | Main | ~01h31m42s
00:07:54.503 INFO : Sub data2 | en | stpp | 917 Segments | Alternate | ~01h31m42s
00:07:54.503 WARN : Writing meta json
00:07:54.518 INFO : Save Name: output
00:07:54.518 WARN : MuxAfterDone is detected, binary merging is automatically enabled
00:07:55.032 INFO : Start downloading...Sub data2 | en | stpp | Alternate
00:07:55.072 INFO : Start downloading...Vid 1920x1080 | 5002 Kbps | video7 | avc1.640028 | Main
00:07:55.072 INFO : Start downloading...Aud audio1 | 132 Kbps | mp4a.40.2 | 2CH | Main
00:07:55.073 INFO : Start downloading...Sub data1 | ms | stpp | Main
00:07:55.159 WARN : Reading media info...
00:07:55.197 WARN : Reading media info...
00:07:55.198 WARN : Type: cenc
00:07:55.198 WARN : Type: cenc
00:07:55.200 WARN : PSSH(WV): CAESEPvp1RzHF/0ech1E1Cg1BOQaACIQcj05MzE3NzYxNCZzPTM1OSoFU0RfSEQ=
00:07:55.200 WARN : PSSH(WV): CAESEPvp1RzHF/0ech1E1Cg1BOQaACIQcj05MzE3NzYxNCZzPTM1OSoFU0RfSEQ=
00:07:55.201 WARN : KID: fbe9d51cc717fd1e721d44d4283504e4
00:07:55.202 WARN : KID: fbe9d51cc717fd1e721d44d4283504e4
00:07:55.203 WARN : Reading media info...
00:07:55.203 WARN : Reading media info...
00:07:57.087 INFO : [0xa]: Subtitle, ttml (stpp) (default)
00:07:57.088 INFO : [0x9]: Subtitle, ttml (stpp) (default)
00:07:57.088 INFO : [0x7]: Video, h264 (avc1), 1920x1080
00:07:57.094 INFO : [0x8]: Audio, aac (mp4a), 128 kb/s
00:07:57.202 EXTRA: Ah oh!
RetryCount => 3
Exception  => Response status code does not indicate success: 503 (Service Temporarily Unavailable).
Url        => https://pop28clustera00f0051925268a81d05b.hypp.tv/wh7f454c46tw3699052048_840384086/88888888/16/20250225/268701039/data1-1.m4s?hw_dash=1&servicetype=0&service_devid=64&mag_hms=64,65&rrsip=webr24.hypp.tv:443&zoneoffset=0&limitflux=-1&limitdur=-1&tenantId=6001
00:07:57.210 EXTRA: Ah oh!
RetryCount => 3
Exception  => Response status code does not indicate success: 503 (Service Temporarily Unavailable).
Url        => https://pop28clustera00f0051925268a81d05b.hypp.tv/wh7f454c46tw3699052048_840384086/88888888/16/20250225/268701039/data1-6.m4s?hw_dash=1&servicetype=0&service_devid=64&mag_hms=64,65&rrsip=webr24.hypp.tv:443&zoneoffset=0&limitflux=-1&limitdur=-1&tenantId=6001
00:07:57.233 EXTRA: Ah oh!
RetryCount => 3
Exception  => Response status code does not indicate success: 503 (Service Temporarily Unavailable).
Url        => https://pop28clustera00f0051925268a81d05b.hypp.tv/wh7f454c46tw3699052048_840384086/88888888/16/20250225/268701039/data1-12.m4s?hw_dash=1&servicetype=0&service_devid=64&mag_hms=64,65&rrsip=webr24.hypp.tv:443&zoneoffset=0&limitflux=-1&limitdur=-1&tenantId=6001
00:07:57.233 EXTRA: Ah oh!
RetryCount => 3
Exception  => Response status code does not indicate success: 503 (Service Temporarily Unavailable).
Url        => https://pop28clustera00f0051925268a81d05b.hypp.tv/wh7f454c46tw3699052048_840384086/88888888/16/20250225/268701039/audio1-10.m4a?hw_dash=1&servicetype=0&service_devid=64&mag_hms=64,65&rrsip=webr24.hypp.tv:443&zoneoffset=0&limitflux=-1&limitdur=-1&tenantId=6001
00:08:22.413 EXTRA: Ah oh!
RetryCount => 3
Exception  => Response status code does not indicate success: 503 (Service Temporarily Unavailable).
Url        => https://pop28clustera00f0051925268a81d05b.hypp.tv/wh7f454c46tw3699052048_840384086/88888888/16/20250225/268701039/data1-809.m4s?hw_dash=1&servicetype=0&service_devid=64&mag_hms=64,65&rrsip=webr24.hypp.tv:443&zoneoffset=0&limitflux=-1&limitdur=-1&tenantId=6001
00:08:22.414 EXTRA: Ah oh!
RetryCount => 3
Exception  => Response status code does not indicate success: 503 (Service Temporarily Unavailable).
Url        => https://pop28clustera00f0051925268a81d05b.hypp.tv/wh7f454c46tw3699052048_840384086/88888888/16/20250225/268701039/data1-805.m4s?hw_dash=1&servicetype=0&service_devid=64&mag_hms=64,65&rrsip=webr24.hypp.tv:443&zoneoffset=0&limitflux=-1&limitdur=-1&tenantId=6001
00:08:25.412 WARN : Extracting TTML(mp4) subtitle...
00:08:25.781 WARN : Processing Image Sub
00:08:26.360 WARN : Extracting TTML(mp4) subtitle...
00:08:26.730 INFO : Binary merging...
00:08:26.779 WARN : Processing Image Sub
00:08:27.692 INFO : Binary merging...
00:08:38.376 INFO : Binary merging...
00:08:39.905 WARN : Type: cenc
00:08:39.906 WARN : PSSH(WV): CAESEPvp1RzHF/0ech1E1Cg1BOQaACIQcj05MzE3NzYxNCZzPTM1OSoFU0RfSEQ=
00:08:39.908 WARN : KID: fbe9d51cc717fd1e721d44d4283504e4
00:08:39.909 INFO : Decrypting using FFMPEG...
00:13:13.252 INFO : Binary merging...
00:18:13.646 WARN : Type: cenc
00:18:13.668 WARN : PSSH(WV): CAESEPvp1RzHF/0ech1E1Cg1BOQaACIQcj05MzE3NzYxNCZzPTM1OSoFU0RfSEQ=
00:18:13.669 WARN : KID: fbe9d51cc717fd1e721d44d4283504e4
00:18:13.670 INFO : Decrypting using FFMPEG...
00:19:45.875 WARN : output.mp4
00:19:45.888 WARN : output.m4a
00:19:45.911 WARN : output.ms.srt
00:19:45.912 WARN : output.en.srt
00:19:45.913 WARN : Muxing to output.MUX.mp4
00:21:07.243 WARN : Cleaning files...
00:21:07.500 WARN : Rename to output.mp4
00:21:07.501 INFO : Done
