LOG 2025/02/28
Save Path: F:\Pari\PERSONAL-PROJECT\MyLibrary\DDownloader\DDownloader\bin\Logs
Task Start: 2025/02/28 01:40:41
Task CommandLine: F:\Pari\PERSONAL-PROJECT\MyLibrary\DDownloader\DDownloader\bin\N_m3u8DL-RE.exe test.mpd -mt -M format=mp4 --save-dir downloads --tmp-dir downloads --del-after-done --decryption-engine FFMPEG --decryption-binary-path F:\Pari\PERSONAL-PROJECT\MyLibrary\DDownloader\DDownloader\bin\ffmpeg.exe --save-name sg01_vod_cfd_tvbanywhere_com --key 6f2838065216f9b689ceceedf8888cdd:7fa0e9760bac2e615f999798285e322f -H "User-Agent: Mozilla/5.0 (Windows NT 10.0; Win64; x64) AppleWebKit/537.36 (KHTML, like Gecko) Chrome/133.0.0.0 Safari/537.36" -H "content-type: application/octet-stream" -H "Origin: https://www.tvbanywhere.com" -H "Sec-Fetch-Site: cross-site" -H "Sec-Fetch-Mode: cors" -H "Sec-Fetch-Dest: empty" -H "Referer: https://www.tvbanywhere.com/"

01:40:41.595 INFO : N_m3u8DL-RE (Beta version) 20241203
01:40:41.598 EXTRA: ffmpeg => F:\Pari\PERSONAL-PROJECT\MyLibrary\DDownloader\DDownloader\bin\ffmpeg.exe
01:40:41.599 EXTRA: User-Defined Header => user-agent: Mozilla/5.0 (Windows NT 10.0; Win64; x64) AppleWebKit/537.36 (KHTML, like Gecko) Chrome/133.0.0.0 Safari/537.36
01:40:41.599 EXTRA: User-Defined Header => content-type: application/octet-stream
01:40:41.600 EXTRA: User-Defined Header => origin: https://www.tvbanywhere.com
01:40:41.600 EXTRA: User-Defined Header => sec-fetch-site: cross-site
01:40:41.600 EXTRA: User-Defined Header => sec-fetch-mode: cors
01:40:41.601 EXTRA: User-Defined Header => sec-fetch-dest: empty
01:40:41.601 EXTRA: User-Defined Header => referer: https://www.tvbanywhere.com/
01:40:41.601 INFO : Loading URL: test.mpd
01:40:41.603 INFO : Content Matched: Dynamic Adaptive Streaming over HTTP
01:40:41.603 INFO : Parsing streams...
01:40:41.692 WARN : Writing meta json
01:40:41.699 INFO : Extracted, there are 5 streams, with 3 basic streams, 2 audio streams, 0 subtitle streams
01:40:41.700 INFO : Vid *CENC 1920x1080 | 3721 Kbps | p0va0br3721582 | avc1.640029 | 305 Segments | ~50m47s
01:40:41.701 INFO : Vid *CENC 1280x720 | 1335 Kbps | p0va0br1335682 | avc1.640029 | 305 Segments | ~50m47s
01:40:41.702 INFO : Vid *CENC 854x480 | 702 Kbps | p0va0br702259 | avc1.4d401f | 305 Segments | ~50m47s
01:40:41.702 INFO : Aud *CENC p0aa0br96000 | 96 Kbps | mp4a.40.2 | Cantonese | 2CH | 305 Segments | ~50m47s
01:40:41.703 INFO : Aud *CENC p0aa1br96000 | 96 Kbps | mp4a.40.2 | Mandarin | 2CH | 305 Segments | ~50m47s
01:40:56.147 INFO : Parsing streams...
01:40:56.448 INFO : Selected streams:
01:40:56.449 INFO : Vid *CENC 1920x1080 | 3721 Kbps | p0va0br3721582 | avc1.640029 | 305 Segments | ~50m47s
01:40:56.450 INFO : Aud *CENC p0aa0br96000 | 96 Kbps | mp4a.40.2 | Cantonese | 2CH | 305 Segments | ~50m47s
01:40:56.451 WARN : Writing meta json
01:40:56.479 INFO : Save Name: sg01_vod_cfd_tvbanywhere_com
01:40:56.480 WARN : MuxAfterDone is detected, binary merging is automatically enabled
01:40:56.482 INFO : Start downloading...Aud p0aa0br96000 | 96 Kbps | mp4a.40.2 | Cantonese | 2CH
01:40:56.482 INFO : Start downloading...Vid 1920x1080 | 3721 Kbps | p0va0br3721582 | avc1.640029
01:40:56.486 EXTRA: Ah oh!
RetryCount => 3
Exception  => Could not find file 'F:\Pari\PERSONAL-PROJECT\MyLibrary\DDownloader\segment_ctaudio_ridp0aa0br96000_cinit_mpd.m4s'.
Url        => file:///F:/Pari/PERSONAL-PROJECT/MyLibrary/DDownloader/segment_ctaudio_ridp0aa0br96000_cinit_mpd.m4s
01:40:56.486 EXTRA: Ah oh!
RetryCount => 3
Exception  => Could not find file 'F:\Pari\PERSONAL-PROJECT\MyLibrary\DDownloader\segment_ctvideo_ridp0va0br3721582_cinit_mpd.m4s'.
Url        => file:///F:/Pari/PERSONAL-PROJECT/MyLibrary/DDownloader/segment_ctvideo_ridp0va0br3721582_cinit_mpd.m4s
01:40:57.487 EXTRA: Ah oh!
RetryCount => 2
Exception  => Could not find file 'F:\Pari\PERSONAL-PROJECT\MyLibrary\DDownloader\segment_ctaudio_ridp0aa0br96000_cinit_mpd.m4s'.
Url        => file:///F:/Pari/PERSONAL-PROJECT/MyLibrary/DDownloader/segment_ctaudio_ridp0aa0br96000_cinit_mpd.m4s
01:40:57.487 EXTRA: Ah oh!
RetryCount => 2
Exception  => Could not find file 'F:\Pari\PERSONAL-PROJECT\MyLibrary\DDownloader\segment_ctvideo_ridp0va0br3721582_cinit_mpd.m4s'.
Url        => file:///F:/Pari/PERSONAL-PROJECT/MyLibrary/DDownloader/segment_ctvideo_ridp0va0br3721582_cinit_mpd.m4s
01:40:58.497 EXTRA: Ah oh!
RetryCount => 1
Exception  => Could not find file 'F:\Pari\PERSONAL-PROJECT\MyLibrary\DDownloader\segment_ctaudio_ridp0aa0br96000_cinit_mpd.m4s'.
Url        => file:///F:/Pari/PERSONAL-PROJECT/MyLibrary/DDownloader/segment_ctaudio_ridp0aa0br96000_cinit_mpd.m4s
01:40:58.512 EXTRA: Ah oh!
RetryCount => 1
Exception  => Could not find file 'F:\Pari\PERSONAL-PROJECT\MyLibrary\DDownloader\segment_ctvideo_ridp0va0br3721582_cinit_mpd.m4s'.
Url        => file:///F:/Pari/PERSONAL-PROJECT/MyLibrary/DDownloader/segment_ctvideo_ridp0va0br3721582_cinit_mpd.m4s
01:40:59.511 EXTRA: Ah oh!
RetryCount => 0
Exception  => Could not find file 'F:\Pari\PERSONAL-PROJECT\MyLibrary\DDownloader\segment_ctaudio_ridp0aa0br96000_cinit_mpd.m4s'.
Url        => file:///F:/Pari/PERSONAL-PROJECT/MyLibrary/DDownloader/segment_ctaudio_ridp0aa0br96000_cinit_mpd.m4s
01:40:59.512 EXTRA: The retry attempts have been exhausted and the download of this segment has failed.
Exception  => Could not find file 'F:\Pari\PERSONAL-PROJECT\MyLibrary\DDownloader\segment_ctaudio_ridp0aa0br96000_cinit_mpd.m4s'.
Url        => file:///F:/Pari/PERSONAL-PROJECT/MyLibrary/DDownloader/segment_ctaudio_ridp0aa0br96000_cinit_mpd.m4s
01:40:59.513 WARN : Could not find file 'F:\Pari\PERSONAL-PROJECT\MyLibrary\DDownloader\segment_ctaudio_ridp0aa0br96000_cinit_mpd.m4s'.
01:40:59.621 EXTRA: Ah oh!
RetryCount => 0
Exception  => Could not find file 'F:\Pari\PERSONAL-PROJECT\MyLibrary\DDownloader\segment_ctvideo_ridp0va0br3721582_cinit_mpd.m4s'.
Url        => file:///F:/Pari/PERSONAL-PROJECT/MyLibrary/DDownloader/segment_ctvideo_ridp0va0br3721582_cinit_mpd.m4s
01:40:59.627 EXTRA: The retry attempts have been exhausted and the download of this segment has failed.
Exception  => Could not find file 'F:\Pari\PERSONAL-PROJECT\MyLibrary\DDownloader\segment_ctvideo_ridp0va0br3721582_cinit_mpd.m4s'.
Url        => file:///F:/Pari/PERSONAL-PROJECT/MyLibrary/DDownloader/segment_ctvideo_ridp0va0br3721582_cinit_mpd.m4s
01:40:59.628 WARN : Could not find file 'F:\Pari\PERSONAL-PROJECT\MyLibrary\DDownloader\segment_ctvideo_ridp0va0br3721582_cinit_mpd.m4s'.
01:40:59.630 ERROR: Download init file failed!
