LOG 2025/02/22
Save Path: F:\Pari\PERSONAL-PROJECT\MyLibrary\DDownloader\DDownloader\bin\Logs
Task Start: 2025/02/22 12:20:28
Task CommandLine: F:\Pari\PERSONAL-PROJECT\MyLibrary\DDownloader\DDownloader\bin\N_m3u8DL-RE.exe https://akm.asia.prd.media.max.com/r/dash.mpd?f.audioTrack=cmn-TW%7Cprogram&f.audioTrack=en-US%7Cdescriptive%2Cprogram&f.audioTrack=th%7Cprogram&f.audioTrack=yue%7Cprogram&f.mergePeriods=true&f.textTrack=en-US&f.textTrack=id&f.textTrack=ms-MY&f.textTrack=th&f.textTrack=zh-Hans-CN&f.textTrack=zh-Hant-TW&f.videoCodec=avc&f.videoDynamicRange=sdr&f.videoMaxHeight=1080&f.videoMaxWidth=1920&r.duration=30.000000&r.duration=9653.018375&r.keymod=2&r.main=1&r.manifest=b555e52e-10b8-4df1-b660-10f2bfab37c0%2F0_26cdb0.mpd&r.manifest=661c7ff4-906d-4961-b9f0-c8138e27f168%2F3_1557f3.mpd&r.origin=cfc%7Cprd-wbd-apac-vod&x-wbd-tenant=beam&x-wbd-user-home-market=apac -mt -M format=mp4 --save-dir downloads --tmp-dir downloads --del-after-done --decryption-engine FFMPEG --decryption-binary-path F:\Pari\PERSONAL-PROJECT\MyLibrary\DDownloader\DDownloader\bin\ffmpeg.exe --save-name Harry_Poter --key 0100613929ea0af6a2844211e1528597:2bad03f2c9e951598095aa135f1cddb2 --key 0105e342fe4133cc0b50432d52af9f67:e3358e4ec6e06dd1b31c5dee6430a845 --key 01011db8c946779c17843f451a7523e9:0afd6462d7848d79f38d6041bc236699 --key 010226467b2420e938e9f94c4dff5942:aa29daac661df9e5aeb8ab7481a0b834

12:20:28.650 INFO : N_m3u8DL-RE (Beta version) 20241203
12:20:28.676 EXTRA: ffmpeg => F:\Pari\PERSONAL-PROJECT\MyLibrary\DDownloader\DDownloader\bin\ffmpeg.exe
12:20:28.677 INFO : Loading URL: https://akm.asia.prd.media.max.com/r/dash.mpd?f.audioTrack=cmn-TW%7Cprogram&f.audioTrack=en-US%7Cdescriptive%2Cprogram&f.audioTrack=th%7Cprogram&f.audioTrack=yue%7Cprogram&f.mergePeriods=true&f.textTrack=en-US&f.textTrack=id&f.textTrack=ms-MY&f.textTrack=th&f.textTrack=zh-Hans-CN&f.textTrack=zh-Hant-TW&f.videoCodec=avc&f.videoDynamicRange=sdr&f.videoMaxHeight=1080&f.videoMaxWidth=1920&r.duration=30.000000&r.duration=9653.018375&r.keymod=2&r.main=1&r.manifest=b555e52e-10b8-4df1-b660-10f2bfab37c0%2F0_26cdb0.mpd&r.manifest=661c7ff4-906d-4961-b9f0-c8138e27f168%2F3_1557f3.mpd&r.origin=cfc%7Cprd-wbd-apac-vod&x-wbd-tenant=beam&x-wbd-user-home-market=apac
12:20:28.771 INFO : Content Matched: Dynamic Adaptive Streaming over HTTP
12:20:28.772 INFO : Parsing streams...
12:20:28.796 WARN : Writing meta json
12:20:28.814 INFO : Extracted, there are 42 streams, with 20 basic streams, 12 audio streams, 10 subtitle streams
12:20:28.815 INFO : Vid *CENC 1920x800 | 11084 Kbps | v7 | 23.976 | avc1.640029 | 1 Segment | Main | ~02h40m53s
12:20:28.815 INFO : Vid *CENC 1600x666 | 8002 Kbps | v1 | 23.976 | avc1.640020 | 1 Segment | Main | ~02h40m53s
12:20:28.816 INFO : Vid 1920x1080 | 6870 Kbps | v3 | 25 | avc1.640029 | 1 Segment | Main | ~00m30s
12:20:28.817 INFO : Vid *CENC 1280x534 | 5649 Kbps | v3 | 23.976 | avc1.64001f | 1 Segment | Main | ~02h40m53s
12:20:28.818 INFO : Vid 1600x900 | 3931 Kbps | v4 | 25 | avc1.640028 | 1 Segment | Main | ~00m30s
12:20:28.819 INFO : Vid *CENC 1024x426 | 3681 Kbps | v5 | 23.976 | avc1.64001f | 1 Segment | Main | ~02h40m53s
12:20:28.819 INFO : Vid 1280x720 | 2579 Kbps | v6 | 25 | avc1.64001f | 1 Segment | Main | ~00m30s
12:20:28.820 INFO : Vid *CENC 768x320 | 2365 Kbps | v4 | 23.976 | avc1.64001e | 1 Segment | Main | ~02h40m53s
12:20:28.821 INFO : Vid *CENC 640x266 | 1581 Kbps | v6 | 23.976 | avc1.640015 | 1 Segment | Main | ~02h40m53s
12:20:28.822 INFO : Vid 1024x576 | 1570 Kbps | v2 | 25 | avc1.64001f | 1 Segment | Main | ~00m30s
12:20:28.823 INFO : Vid *CENC 544x226 | 1014 Kbps | v0 | 23.976 | avc1.640015 | 1 Segment | Main | ~02h40m53s
12:20:28.823 INFO : Vid 768x432 | 988 Kbps | v1 | 25 | avc1.64001e | 1 Segment | Main | ~00m30s
12:20:28.824 INFO : Vid 640x360 | 769 Kbps | v5 | 25 | avc1.64001e | 1 Segment | Main | ~00m30s
12:20:28.825 INFO : Vid *CENC 480x200 | 657 Kbps | v2 | 23.976 | avc1.64000d | 1 Segment | Main | ~02h40m53s
12:20:28.826 INFO : Vid 544x306 | 594 Kbps | v0 | 25 | avc1.640015 | 1 Segment | Main | ~00m30s
12:20:28.827 INFO : Vid *CENC 416x174 | 442 Kbps | v8 | 23.976 | avc1.64000d | 1 Segment | Main | ~02h40m53s
12:20:28.827 INFO : Vid 480x270 | 437 Kbps | v7 | 25 | avc1.640015 | 1 Segment | Main | ~00m30s
12:20:28.829 INFO : Vid 416x234 | 307 Kbps | v8 | 25 | avc1.64000d | 1 Segment | Main | ~00m30s
12:20:28.830 INFO : Vid 352x146 | 3 Kbps | images_1 | 1931 Segments | ~02h40m55s
12:20:28.831 INFO : Vid 352x198 | 2 Kbps | images_1 | 6 Segments | ~00m30s
12:20:28.832 INFO : Aud *CENC a22 | 258 Kbps | ec-3 | cmn-TW | 6CH | 1 Segment | ~02h40m53s
12:20:28.833 INFO : Aud *CENC a15 | 258 Kbps | ec-3 | en-US | 6CH | 1 Segment | ~02h40m53s
12:20:28.833 INFO : Aud *CENC a36 | 258 Kbps | ec-3 | th | 6CH | 1 Segment | ~02h40m53s
12:20:28.834 INFO : Aud *CENC a13 | 258 Kbps | ec-3 | yue | 6CH | 1 Segment | ~02h40m53s
12:20:28.835 INFO : Aud *CENC a14 | 130 Kbps | ec-3 | en-US | 2CH | 1 Segment | Alternate | ~02h40m53s
12:20:28.836 INFO : Aud a1 | 128 Kbps | ec-3 | en-US | 2CH | 1 Segment | ~00m30s
12:20:28.837 INFO : Aud *CENC a17 | 67 Kbps | mp4a.40.5 | en-US | 2CH | 1 Segment | ~02h40m53s
12:20:28.837 INFO : Aud *CENC a12 | 66 Kbps | mp4a.40.5 | yue | 2CH | 1 Segment | ~02h40m53s
12:20:28.838 INFO : Aud *CENC a37 | 66 Kbps | mp4a.40.5 | th | 2CH | 1 Segment | ~02h40m53s
12:20:28.839 INFO : Aud *CENC a16 | 66 Kbps | mp4a.40.5 | en-US | 2CH | 1 Segment | Alternate | ~02h40m53s
12:20:28.839 INFO : Aud *CENC a23 | 66 Kbps | mp4a.40.5 | cmn-TW | 2CH | 1 Segment | ~02h40m53s
12:20:28.840 INFO : Aud a0 | 64 Kbps | mp4a.40.5 | en-US | 2CH | 1 Segment | ~00m30s
12:20:28.841 INFO : Sub t1 | th | 1 Segment | Subtitle | ~00m30s
12:20:28.842 INFO : Sub t3 | zh-Hans-SG | 11 Segments | Subtitle | ~02h41m23s
12:20:28.843 INFO : Sub t2 | ms-MY | 11 Segments | Subtitle | ~02h41m23s
12:20:28.843 INFO : Sub t4 | id | 1 Segment | Subtitle | ~00m30s
12:20:28.844 INFO : Sub t8 | th | 10 Segments | Subtitle | ~02h40m53s
12:20:28.845 INFO : Sub t0 | en-US | 1 Segment | Subtitle | ~00m30s
12:20:28.846 INFO : Sub t36 | en-US | 10 Segments | ~02h40m53s
12:20:28.846 INFO : Sub t42 | ms-MY | 10 Segments | Subtitle | ~02h40m53s
12:20:28.847 INFO : Sub t21 | zh-Hant-TW | 10 Segments | Subtitle | ~02h40m53s
12:20:28.847 INFO : Sub t9 | th | 10 Segments | ~02h40m53s
12:20:57.796 INFO : Parsing streams...
12:20:58.086 INFO : Selected streams:
12:20:58.087 INFO : Vid 1920x1080 | 6870 Kbps | v3 | 25 | avc1.640029 | 1 Segment | Main | ~00m30s
12:20:58.087 INFO : Aud *CENC a15 | 258 Kbps | ec-3 | en-US | 6CH | 1 Segment | ~02h40m53s
12:20:58.088 INFO : Sub t2 | ms-MY | 11 Segments | Subtitle | ~02h41m23s
12:20:58.088 INFO : Sub t4 | id | 1 Segment | Subtitle | ~00m30s
12:20:58.089 INFO : Sub t0 | en-US | 1 Segment | Subtitle | ~00m30s
12:20:58.089 WARN : Writing meta json
12:20:58.090 INFO : Save Name: Harry_Poter
12:20:58.091 WARN : MuxAfterDone is detected, binary merging is automatically enabled
12:20:58.093 INFO : Start downloading...Sub t2 | ms-MY | Subtitle
12:20:58.178 WARN : The entire file has been cut into small segments to accelerate
12:20:58.180 WARN : The entire file has been cut into small segments to accelerate
12:20:58.188 INFO : Start downloading...Sub t0 | en-US | Subtitle
12:20:58.188 INFO : Start downloading...Sub t4 | id | Subtitle
12:20:58.232 WARN : Reading media info...
12:20:58.232 WARN : Reading media info...
12:20:58.284 WARN : The entire file has been cut into small segments to accelerate
12:20:58.314 INFO : Start downloading...Vid 1920x1080 | 6870 Kbps | v3 | 25 | avc1.640029 | Main
12:20:58.315 WARN : Reading media info...
12:20:58.418 WARN : The entire file has been cut into small segments to accelerate
12:20:58.421 INFO : Start downloading...Aud a15 | 258 Kbps | ec-3 | en-US | 6CH
12:20:59.821 INFO : NaN: Subtitle, webvtt
12:20:59.821 INFO : NaN: Subtitle, webvtt
12:20:59.999 WARN : Extracting VTT(raw) subtitle...
12:20:59.999 WARN : Extracting VTT(raw) subtitle...
12:21:00.006 INFO : Binary merging...
12:21:00.007 INFO : Binary merging...
12:21:00.026 INFO : NaN: Subtitle, webvtt
12:21:00.386 WARN : Type: cenc
12:21:00.395 WARN : KID: 0100613929ea0af6a2844211e1528597
12:21:00.401 WARN : Reading media info...
12:21:00.408 WARN : Reading media info...
12:21:00.705 WARN : Extracting VTT(raw) subtitle...
12:21:00.737 INFO : Binary merging...
12:21:00.820 INFO : [0x1]: Audio, eac3 (ec-3), 256 kb/s
12:21:00.827 INFO : [0x1]: Video, h264 (High) (avc1), 1920x1080, 25 fps, 3665 kb/s
12:21:07.870 INFO : Binary merging...
12:21:30.671 INFO : Binary merging...
12:21:33.152 WARN : Type: cenc
12:21:33.154 WARN : KID: 0100613929ea0af6a2844211e1528597
12:21:33.156 INFO : Decrypting using FFMPEG...
12:21:33.804 ERROR: Decryption failed
12:21:33.808 WARN : Harry_Poter.mp4
12:21:33.809 WARN : Harry_Poter.en-US.m4a
12:21:33.810 WARN : Harry_Poter.ms-MY.srt
12:21:33.811 WARN : Harry_Poter.id.srt
12:21:33.813 WARN : Harry_Poter.en-US.srt
12:21:33.813 WARN : Muxing to Harry_Poter.MUX.mp4
12:21:34.211 WARN : [eac3 @ 0000027f750806c0] invalid bitstream id
12:21:34.231 WARN : [eac3 @ 0000027f750806c0] unable to determine channel mode
12:21:34.237 WARN : [mp4 @ 0000027f74ffee40] track 1: codec frame size is not set
12:21:34.238 WARN : [mp4 @ 0000027f74ffee40] Dropping invalid packet from start of the stream
12:21:34.253 WARN : [vost#0:0/copy @ 0000027f75011780] Error submitting a packet to the muxer: Invalid data found when processing input
12:21:34.254 WARN :     Last message repeated 1 times
12:21:34.255 WARN : [out#0/mp4 @ 0000027f74864540] Error muxing a packet
12:21:34.256 WARN : [out#0/mp4 @ 0000027f74864540] Task finished with error code: -1094995529 (Invalid data found when processing input)
12:21:34.257 WARN : [out#0/mp4 @ 0000027f74864540] Terminating thread with return code -1094995529 (Invalid data found when processing input)
12:21:34.258 WARN : [out#0/mp4 @ 0000027f74864540] Error writing trailer: Invalid argument
12:21:34.263 ERROR: Mux failed
12:21:34.264 ERROR: Failed
