LOG 2025/02/22
Save Path: F:\Pari\PERSONAL-PROJECT\MyLibrary\DDownloader\DDownloader\bin\Logs
Task Start: 2025/02/22 10:47:26
Task CommandLine: F:\Pari\PERSONAL-PROJECT\MyLibrary\DDownloader\DDownloader\bin\N_m3u8DL-RE.exe https://media.axprod.net/TestVectors/v7-MultiDRM-MultiKey-MultiPeriod/Manifest.mpd -mt -M format=mp4 --save-dir downloads --tmp-dir downloads --del-after-done --decryption-engine FFMPEG --decryption-binary-path F:\Pari\PERSONAL-PROJECT\MyLibrary\DDownloader\DDownloader\bin\ffmpeg.exe --save-name kote --key 0872786ef9e7465fa3a24e5b0ef8fa45:c3261179bab61eeec979d2d4069511cf --key 914e69f40ab345349e9f9853615e26f6:d0306595460449ce5675224c79baa504 --key da4445c2db5e48efb0963ef347b16c7f:d1a529475012192435506c56c58ee8cc --key 29f05e8fa1ae46e480e922dcd44cd7a1:0711b17c84a90cbb41097264c901b732

10:47:26.745 INFO : N_m3u8DL-RE (Beta version) 20241203
10:47:26.761 EXTRA: ffmpeg => F:\Pari\PERSONAL-PROJECT\MyLibrary\DDownloader\DDownloader\bin\ffmpeg.exe
10:47:26.762 INFO : Loading URL: https://media.axprod.net/TestVectors/v7-MultiDRM-MultiKey-MultiPeriod/Manifest.mpd
10:47:27.669 INFO : Content Matched: Dynamic Adaptive Streaming over HTTP
10:47:27.670 INFO : Parsing streams...
10:47:27.774 WARN : Writing meta json
10:47:27.805 INFO : Extracted, there are 54 streams, with 28 basic streams, 6 audio streams, 20 subtitle streams
10:47:27.806 INFO : Vid *CENC 3840x2160 | 5134 Kbps | 7-8b029e51 | avc1.640034 | 184 Segments | Main | ~12m16s
10:47:27.807 INFO : Vid *CENC 3840x2160 | 5134 Kbps | 7-da4445c2 | avc1.640034 | 184 Segments | Main | ~12m16s
10:47:27.808 INFO : Vid *CENC 3840x2160 | 4424 Kbps | 14-8b029e51 | hev1.2.4.L150.90 | 184 Segments | Main | ~12m15s
10:47:27.809 INFO : Vid *CENC 3840x2160 | 4424 Kbps | 14-da4445c2 | hev1.2.4.L150.90 | 184 Segments | Main | ~12m15s
10:47:27.810 INFO : Vid *CENC 2560x1440 | 4021 Kbps | 6-8b029e51 | avc1.640034 | 184 Segments | Main | ~12m16s
10:47:27.811 INFO : Vid *CENC 2560x1440 | 4021 Kbps | 6-da4445c2 | avc1.640034 | 184 Segments | Main | ~12m16s
10:47:27.812 INFO : Vid *CENC 2560x1440 | 2954 Kbps | 13-8b029e51 | hev1.2.4.L150.90 | 184 Segments | Main | ~12m15s
10:47:27.812 INFO : Vid *CENC 2560x1440 | 2954 Kbps | 13-da4445c2 | hev1.2.4.L150.90 | 184 Segments | Main | ~12m15s
10:47:27.813 INFO : Vid *CENC 1920x1080 | 2723 Kbps | 5-c14f0709 | avc1.640033 | 184 Segments | Main | ~12m16s
10:47:27.814 INFO : Vid *CENC 1920x1080 | 2723 Kbps | 5-914e69f4 | avc1.640033 | 184 Segments | Main | ~12m16s
10:47:27.815 INFO : Vid *CENC 1920x1080 | 1967 Kbps | 12-c14f0709 | hev1.2.4.L120.90 | 184 Segments | Main | ~12m15s
10:47:27.816 INFO : Vid *CENC 1920x1080 | 1967 Kbps | 12-914e69f4 | hev1.2.4.L120.90 | 184 Segments | Main | ~12m15s
10:47:27.817 INFO : Vid *CENC 1280x720 | 1941 Kbps | 4-c14f0709 | avc1.640032 | 184 Segments | Main | ~12m16s
10:47:27.817 INFO : Vid *CENC 1280x720 | 1941 Kbps | 4-914e69f4 | avc1.640032 | 184 Segments | Main | ~12m16s
10:47:27.818 INFO : Vid *CENC 1280x720 | 1474 Kbps | 11-c14f0709 | hev1.2.4.L93.90 | 184 Segments | Main | ~12m15s
10:47:27.819 INFO : Vid *CENC 1280x720 | 1474 Kbps | 11-914e69f4 | hev1.2.4.L93.90 | 184 Segments | Main | ~12m15s
10:47:27.819 INFO : Vid *CENC 852x480 | 1117 Kbps | 3-0872786e | avc1.640028 | 184 Segments | Main | ~12m16s
10:47:27.820 INFO : Vid *CENC 852x480 | 1117 Kbps | 3-0872786e | avc1.640028 | 184 Segments | Main | ~12m16s
10:47:27.822 INFO : Vid *CENC 852x480 | 885 Kbps | 10-0872786e | hev1.2.4.L90.90 | 184 Segments | Main | ~12m15s
10:47:27.823 INFO : Vid *CENC 852x480 | 885 Kbps | 10-0872786e | hev1.2.4.L90.90 | 184 Segments | Main | ~12m15s
10:47:27.823 INFO : Vid *CENC 640x360 | 761 Kbps | 2-0872786e | avc1.64001f | 184 Segments | Main | ~12m16s
10:47:27.824 INFO : Vid *CENC 640x360 | 761 Kbps | 2-0872786e | avc1.64001f | 184 Segments | Main | ~12m16s
10:47:27.825 INFO : Vid *CENC 640x360 | 689 Kbps | 9-0872786e | hev1.2.4.L63.90 | 184 Segments | Main | ~12m15s
10:47:27.825 INFO : Vid *CENC 640x360 | 689 Kbps | 9-0872786e | hev1.2.4.L63.90 | 184 Segments | Main | ~12m15s
10:47:27.826 INFO : Vid *CENC 512x288 | 395 Kbps | 8-0872786e | hev1.2.4.L63.90 | 184 Segments | Main | ~12m15s
10:47:27.827 INFO : Vid *CENC 512x288 | 395 Kbps | 8-0872786e | hev1.2.4.L63.90 | 184 Segments | Main | ~12m15s
10:47:27.828 INFO : Vid *CENC 512x288 | 386 Kbps | 1-0872786e | avc1.64001f | 184 Segments | Main | ~12m16s
10:47:27.829 INFO : Vid *CENC 512x288 | 386 Kbps | 1-0872786e | avc1.64001f | 184 Segments | Main | ~12m16s
10:47:27.829 INFO : Aud *CENC 15-2d6e9387 | 131 Kbps | mp4a.40.29 | en | 2CH | 185 Segments | Main | ~12m14s
10:47:27.830 INFO : Aud *CENC 15-29f05e8f | 131 Kbps | mp4a.40.29 | en | 2CH | 185 Segments | Main | ~12m14s
10:47:27.831 INFO : Aud *CENC 16-de02f07f | 130 Kbps | mp4a.40.29 | en-AU | 2CH | 185 Segments | ~12m14s
10:47:27.832 INFO : Aud 16 | 130 Kbps | mp4a.40.29 | en-AU | 2CH | 185 Segments | ~12m14s
10:47:27.833 INFO : Aud 17 | 130 Kbps | mp4a.40.29 | et-ET | 2CH | 185 Segments | ~12m14s
10:47:27.834 INFO : Aud *CENC 17-69fe7077 | 130 Kbps | mp4a.40.29 | et-ET | 2CH | 185 Segments | ~12m14s
10:47:27.835 INFO : Sub 25 | ru | stpp | 184 Segments | Subtitle | ~12m16s
10:47:27.836 INFO : Sub 25 | ru | stpp | 184 Segments | Subtitle | ~12m16s
10:47:27.837 INFO : Sub 27 | es | stpp | 184 Segments | Subtitle | ~12m16s
10:47:27.838 INFO : Sub 27 | es | stpp | 184 Segments | Subtitle | ~12m16s
10:47:27.839 INFO : Sub 21 | zh-Hant-CN | stpp | 184 Segments | Subtitle | ~12m16s
10:47:27.839 INFO : Sub 21 | zh-Hant-CN | stpp | 184 Segments | Subtitle | ~12m16s
10:47:27.840 INFO : Sub 23 | nl | stpp | 184 Segments | Subtitle | ~12m16s
10:47:27.841 INFO : Sub 23 | nl | stpp | 184 Segments | Subtitle | ~12m16s
10:47:27.841 INFO : Sub 19 | en | stpp | 184 Segments | Main | ~12m16s
10:47:27.843 INFO : Sub 19 | en | stpp | 184 Segments | Main | ~12m16s
10:47:27.844 INFO : Sub 24 | ru | wvtt | 184 Segments | Subtitle | ~12m16s
10:47:27.845 INFO : Sub 24 | ru | wvtt | 184 Segments | Subtitle | ~12m16s
10:47:27.846 INFO : Sub 26 | es | wvtt | 184 Segments | Subtitle | ~12m16s
10:47:27.847 INFO : Sub 26 | es | wvtt | 184 Segments | Subtitle | ~12m16s
10:47:27.848 INFO : Sub 20 | zh-Hant-CN | wvtt | 184 Segments | Subtitle | ~12m16s
10:47:27.849 INFO : Sub 22 | nl | wvtt | 184 Segments | Subtitle | ~12m16s
10:47:27.850 INFO : Sub 20 | zh-Hant-CN | wvtt | 184 Segments | Subtitle | ~12m16s
10:47:27.851 INFO : Sub 22 | nl | wvtt | 184 Segments | Subtitle | ~12m16s
10:47:27.853 INFO : Sub 18 | en | wvtt | 184 Segments | Main | ~12m16s
10:47:27.854 INFO : Sub 18 | en | wvtt | 184 Segments | Main | ~12m16s
10:48:00.563 INFO : Parsing streams...
10:48:00.565 INFO : Selected streams:
10:48:00.566 INFO : Vid *CENC 1920x1080 | 1967 Kbps | 12-914e69f4 | hev1.2.4.L120.90 | 184 Segments | Main | ~12m15s
10:48:00.566 INFO : Aud *CENC 15-2d6e9387 | 131 Kbps | mp4a.40.29 | en | 2CH | 185 Segments | Main | ~12m14s
10:48:00.567 INFO : Sub 25 | ru | stpp | 184 Segments | Subtitle | ~12m16s
10:48:00.567 WARN : Writing meta json
10:48:00.581 INFO : Save Name: kote
10:48:00.582 WARN : MuxAfterDone is detected, binary merging is automatically enabled
10:48:00.632 INFO : Start downloading...Aud 15-2d6e9387 | 131 Kbps | mp4a.40.29 | en | 2CH | Main
10:48:00.632 INFO : Start downloading...Vid 1920x1080 | 1967 Kbps | 12-914e69f4 | hev1.2.4.L120.90 | Main
10:48:00.632 INFO : Start downloading...Sub 25 | ru | stpp | Subtitle
10:48:00.820 WARN : Type: cenc
10:48:00.821 WARN : KID: 2d6e938760ca4145aec2c40837b4b026
10:48:00.823 WARN : Reading media info...
10:48:00.978 WARN : Type: cenc
10:48:00.980 WARN : KID: 914e69f40ab345349e9f9853615e26f6
10:48:00.982 WARN : Reading media info...
10:48:01.159 WARN : Reading media info...
10:48:02.953 INFO : [0x1]: Video, hevc (Main 10) (hev1), 1920x1080
10:48:02.953 INFO : [0x1]: Subtitle, ttml (stpp) (default)
10:48:02.953 INFO : [0x1]: Audio, aac (mp4a), 63 kb/s
10:48:09.097 WARN : Extracting TTML(mp4) subtitle...
10:48:09.186 INFO : Binary merging...
10:48:13.526 INFO : Binary merging...
10:48:13.643 WARN : Type: cenc
10:48:13.644 WARN : KID: 2d6e938760ca4145aec2c40837b4b026
10:48:13.648 INFO : Decrypting using FFMPEG...
10:48:39.094 INFO : Binary merging...
10:48:40.703 WARN : Type: cenc
10:48:40.705 WARN : KID: 914e69f40ab345349e9f9853615e26f6
10:48:40.707 INFO : Decrypting using FFMPEG...
10:48:43.745 WARN : kote.und.mp4
10:48:43.746 WARN : kote.en.m4a
10:48:43.747 WARN : kote.ru.srt
10:48:43.748 WARN : Muxing to kote.MUX.mp4
10:48:44.222 WARN : [aac @ 0000022e695fd840] channel element 3.3 is not allocated
10:48:44.238 WARN : [mp4 @ 0000022e695fd840] track 1: codec frame size is not set
10:48:44.332 WARN : [mp4 @ 0000022e695fd840] aac bitstream error
10:48:45.617 WARN :     Last message repeated 1 times
10:48:45.632 WARN : Cleaning files...
10:48:45.656 WARN : Rename to kote.mp4
10:48:45.657 INFO : Done
