LOG 2025/03/22
Save Path: F:\Pari\PERSONAL-PROJECT\MyLibrary\DDownloader\DDownloader\bin\Logs
Task Start: 2025/03/22 03:09:50
Task CommandLine: F:\Pari\PERSONAL-PROJECT\MyLibrary\DDownloader\DDownloader\bin\N_m3u8DL-RE.exe https://a282avoddashs3ww-a.akamaihd.net/3/1@5057678daf4c2f76f3c64035c2cfa580/ondemand/iad_2/3e22/98c5/9af7/4a48-8cb8-0804de4e792d/66219c52-5233-40c0-a7be-2e6a5e8fe9bd_corrected.mpd?custom=true&encoding=segmentBase&amznDtid=AOAGZA014O5RE&encoding=segmentBase -mt -M format=mp4 --save-dir downloads --tmp-dir downloads --del-after-done --decryption-engine FFMPEG --decryption-binary-path F:\Pari\PERSONAL-PROJECT\MyLibrary\DDownloader\DDownloader\bin\ffmpeg.exe --save-name output --key d161512374ad4ed497475df50274ce1b:36ed938aba1d357d53ba493e89a5e370 -H "User-Agent: Mozilla/5.0 (Windows NT 10.0; Win64; x64) AppleWebKit/537.36 (KHTML, like Gecko) Chrome/134.0.0.0 Safari/537.36 Edg/134.0.0.0" -H "DNT: 1" -H "Accept: */*" -H "Origin: https://www.primevideo.com" -H "Referer: https://www.primevideo.com/"

03:09:50.065 INFO : N_m3u8DL-RE (Beta version) 20241203
03:09:50.093 EXTRA: ffmpeg => F:\Pari\PERSONAL-PROJECT\MyLibrary\DDownloader\DDownloader\bin\ffmpeg.exe
03:09:50.111 EXTRA: User-Defined Header => user-agent: Mozilla/5.0 (Windows NT 10.0; Win64; x64) AppleWebKit/537.36 (KHTML, like Gecko) Chrome/134.0.0.0 Safari/537.36 Edg/134.0.0.0
03:09:50.112 EXTRA: User-Defined Header => dnt: 1
03:09:50.112 EXTRA: User-Defined Header => accept: */*
03:09:50.112 EXTRA: User-Defined Header => origin: https://www.primevideo.com
03:09:50.113 EXTRA: User-Defined Header => referer: https://www.primevideo.com/
03:09:50.114 INFO : Loading URL: https://a282avoddashs3ww-a.akamaihd.net/3/1@5057678daf4c2f76f3c64035c2cfa580/ondemand/iad_2/3e22/98c5/9af7/4a48-8cb8-0804de4e792d/66219c52-5233-40c0-a7be-2e6a5e8fe9bd_corrected.mpd?custom=true&encoding=segmentBase&amznDtid=AOAGZA014O5RE&encoding=segmentBase
03:09:51.539 WARN : Response status code does not indicate success: 500 (Internal Server Error). (1/10)
03:09:53.040 INFO : Loading URL: https://a282avoddashs3ww-a.akamaihd.net/3/1@5057678daf4c2f76f3c64035c2cfa580/ondemand/iad_2/3e22/98c5/9af7/4a48-8cb8-0804de4e792d/66219c52-5233-40c0-a7be-2e6a5e8fe9bd_corrected.mpd?custom=true&encoding=segmentBase&amznDtid=AOAGZA014O5RE&encoding=segmentBase
03:09:53.626 WARN : Response status code does not indicate success: 500 (Internal Server Error). (2/10)
03:09:55.122 INFO : Loading URL: https://a282avoddashs3ww-a.akamaihd.net/3/1@5057678daf4c2f76f3c64035c2cfa580/ondemand/iad_2/3e22/98c5/9af7/4a48-8cb8-0804de4e792d/66219c52-5233-40c0-a7be-2e6a5e8fe9bd_corrected.mpd?custom=true&encoding=segmentBase&amznDtid=AOAGZA014O5RE&encoding=segmentBase
03:09:55.619 WARN : Response status code does not indicate success: 500 (Internal Server Error). (3/10)
03:09:57.121 INFO : Loading URL: https://a282avoddashs3ww-a.akamaihd.net/3/1@5057678daf4c2f76f3c64035c2cfa580/ondemand/iad_2/3e22/98c5/9af7/4a48-8cb8-0804de4e792d/66219c52-5233-40c0-a7be-2e6a5e8fe9bd_corrected.mpd?custom=true&encoding=segmentBase&amznDtid=AOAGZA014O5RE&encoding=segmentBase
03:09:57.633 WARN : Response status code does not indicate success: 500 (Internal Server Error). (4/10)
03:09:59.139 INFO : Loading URL: https://a282avoddashs3ww-a.akamaihd.net/3/1@5057678daf4c2f76f3c64035c2cfa580/ondemand/iad_2/3e22/98c5/9af7/4a48-8cb8-0804de4e792d/66219c52-5233-40c0-a7be-2e6a5e8fe9bd_corrected.mpd?custom=true&encoding=segmentBase&amznDtid=AOAGZA014O5RE&encoding=segmentBase
03:10:00.202 WARN : Response status code does not indicate success: 500 (Internal Server Error). (5/10)
03:10:01.704 INFO : Loading URL: https://a282avoddashs3ww-a.akamaihd.net/3/1@5057678daf4c2f76f3c64035c2cfa580/ondemand/iad_2/3e22/98c5/9af7/4a48-8cb8-0804de4e792d/66219c52-5233-40c0-a7be-2e6a5e8fe9bd_corrected.mpd?custom=true&encoding=segmentBase&amznDtid=AOAGZA014O5RE&encoding=segmentBase
03:10:02.182 WARN : Response status code does not indicate success: 500 (Internal Server Error). (6/10)
03:10:03.679 INFO : Loading URL: https://a282avoddashs3ww-a.akamaihd.net/3/1@5057678daf4c2f76f3c64035c2cfa580/ondemand/iad_2/3e22/98c5/9af7/4a48-8cb8-0804de4e792d/66219c52-5233-40c0-a7be-2e6a5e8fe9bd_corrected.mpd?custom=true&encoding=segmentBase&amznDtid=AOAGZA014O5RE&encoding=segmentBase
03:10:04.183 WARN : Response status code does not indicate success: 500 (Internal Server Error). (7/10)
03:10:05.691 INFO : Loading URL: https://a282avoddashs3ww-a.akamaihd.net/3/1@5057678daf4c2f76f3c64035c2cfa580/ondemand/iad_2/3e22/98c5/9af7/4a48-8cb8-0804de4e792d/66219c52-5233-40c0-a7be-2e6a5e8fe9bd_corrected.mpd?custom=true&encoding=segmentBase&amznDtid=AOAGZA014O5RE&encoding=segmentBase
03:10:06.362 WARN : Response status code does not indicate success: 500 (Internal Server Error). (8/10)
03:10:07.869 INFO : Loading URL: https://a282avoddashs3ww-a.akamaihd.net/3/1@5057678daf4c2f76f3c64035c2cfa580/ondemand/iad_2/3e22/98c5/9af7/4a48-8cb8-0804de4e792d/66219c52-5233-40c0-a7be-2e6a5e8fe9bd_corrected.mpd?custom=true&encoding=segmentBase&amznDtid=AOAGZA014O5RE&encoding=segmentBase
03:10:08.397 WARN : Response status code does not indicate success: 500 (Internal Server Error). (9/10)
03:10:08.977 WARN : Force Exit...
