LOG 2025/02/28
Save Path: F:\Pari\PERSONAL-PROJECT\MyLibrary\DDownloader\DDownloader\bin\Logs
Task Start: 2025/02/28 01:39:34
Task CommandLine: F:\Pari\PERSONAL-PROJECT\MyLibrary\DDownloader\DDownloader\bin\N_m3u8DL-RE.exe https://sg01-vod-cfd.tvbanywhere.com/cencvods3/_definst_/smil:ints3/tvboverseas-media/mytvsuper15/69927/6992625/mps_6992625_mobile_auto_1080.smil/manifest.mpd -mt -M format=mp4 --save-dir downloads --tmp-dir downloads --del-after-done --decryption-engine FFMPEG --decryption-binary-path F:\Pari\PERSONAL-PROJECT\MyLibrary\DDownloader\DDownloader\bin\ffmpeg.exe --save-name sg01_vod_cfd_tvbanywhere_com --key 6f2838065216f9b689ceceedf8888cdd:7fa0e9760bac2e615f999798285e322f -H "User-Agent: Mozilla/5.0 (Windows NT 10.0; Win64; x64) AppleWebKit/537.36 (KHTML, like Gecko) Chrome/133.0.0.0 Safari/537.36" -H "Origin: https://www.tvbanywhere.com" -H "Referer: https://www.tvbanywhere.com/"

01:39:34.958 INFO : N_m3u8DL-RE (Beta version) 20241203
01:39:34.962 EXTRA: ffmpeg => F:\Pari\PERSONAL-PROJECT\MyLibrary\DDownloader\DDownloader\bin\ffmpeg.exe
01:39:34.963 EXTRA: User-Defined Header => user-agent: Mozilla/5.0 (Windows NT 10.0; Win64; x64) AppleWebKit/537.36 (KHTML, like Gecko) Chrome/133.0.0.0 Safari/537.36
01:39:34.963 EXTRA: User-Defined Header => origin: https://www.tvbanywhere.com
01:39:34.963 EXTRA: User-Defined Header => referer: https://www.tvbanywhere.com/
01:39:34.964 INFO : Loading URL: https://sg01-vod-cfd.tvbanywhere.com/cencvods3/_definst_/smil:ints3/tvboverseas-media/mytvsuper15/69927/6992625/mps_6992625_mobile_auto_1080.smil/manifest.mpd
01:39:35.399 WARN : Response status code does not indicate success: 403 (Forbidden). (1/10)
01:39:36.949 INFO : Loading URL: https://sg01-vod-cfd.tvbanywhere.com/cencvods3/_definst_/smil:ints3/tvboverseas-media/mytvsuper15/69927/6992625/mps_6992625_mobile_auto_1080.smil/manifest.mpd
01:39:37.294 WARN : Response status code does not indicate success: 403 (Forbidden). (2/10)
01:39:38.805 INFO : Loading URL: https://sg01-vod-cfd.tvbanywhere.com/cencvods3/_definst_/smil:ints3/tvboverseas-media/mytvsuper15/69927/6992625/mps_6992625_mobile_auto_1080.smil/manifest.mpd
01:39:39.136 WARN : Response status code does not indicate success: 403 (Forbidden). (3/10)
01:39:40.638 INFO : Loading URL: https://sg01-vod-cfd.tvbanywhere.com/cencvods3/_definst_/smil:ints3/tvboverseas-media/mytvsuper15/69927/6992625/mps_6992625_mobile_auto_1080.smil/manifest.mpd
01:39:41.025 WARN : Response status code does not indicate success: 403 (Forbidden). (4/10)
01:39:42.532 INFO : Loading URL: https://sg01-vod-cfd.tvbanywhere.com/cencvods3/_definst_/smil:ints3/tvboverseas-media/mytvsuper15/69927/6992625/mps_6992625_mobile_auto_1080.smil/manifest.mpd
01:39:42.947 WARN : Response status code does not indicate success: 403 (Forbidden). (5/10)
01:39:44.457 INFO : Loading URL: https://sg01-vod-cfd.tvbanywhere.com/cencvods3/_definst_/smil:ints3/tvboverseas-media/mytvsuper15/69927/6992625/mps_6992625_mobile_auto_1080.smil/manifest.mpd
01:39:44.856 WARN : Response status code does not indicate success: 403 (Forbidden). (6/10)
01:39:46.371 INFO : Loading URL: https://sg01-vod-cfd.tvbanywhere.com/cencvods3/_definst_/smil:ints3/tvboverseas-media/mytvsuper15/69927/6992625/mps_6992625_mobile_auto_1080.smil/manifest.mpd
01:39:46.781 WARN : Response status code does not indicate success: 403 (Forbidden). (7/10)
01:39:48.297 INFO : Loading URL: https://sg01-vod-cfd.tvbanywhere.com/cencvods3/_definst_/smil:ints3/tvboverseas-media/mytvsuper15/69927/6992625/mps_6992625_mobile_auto_1080.smil/manifest.mpd
01:39:48.465 WARN : Response status code does not indicate success: 403 (Forbidden). (8/10)
01:39:49.972 INFO : Loading URL: https://sg01-vod-cfd.tvbanywhere.com/cencvods3/_definst_/smil:ints3/tvboverseas-media/mytvsuper15/69927/6992625/mps_6992625_mobile_auto_1080.smil/manifest.mpd
01:39:50.347 WARN : Response status code does not indicate success: 403 (Forbidden). (9/10)
01:39:50.973 WARN : Force Exit...
