LOG 2025/03/12
Save Path: F:\Pari\PERSONAL-PROJECT\MyLibrary\DDownloader\DDownloader\bin\Logs
Task Start: 2025/03/12 07:53:39
Task CommandLine: F:\Pari\PERSONAL-PROJECT\MyLibrary\DDownloader\DDownloader\bin\N_m3u8DL-RE.exe https://cdn.bitmovin.com/content/assets/art-of-motion_drm/mpds/11331.mpd -mt -M format=mp4 --save-dir downloads --tmp-dir downloads --del-after-done --decryption-engine FFMPEG --decryption-binary-path F:\Pari\PERSONAL-PROJECT\MyLibrary\DDownloader\DDownloader\bin\ffmpeg.exe --save-name cdn_bitmovin_com --key ccbf5fb4c2965be7aa130ffb3ba9fd73:9cc0c92044cb1d69433f5f5839a159df --key 9bf0e9cf0d7b55aeb4b289a63bab8610:90f52fd8ca48717b21d0c2fed7a12ae1 --key eb676abbcb345e96bbcf616630f1a3da:100b6c20940f779a4589152b57d2dacb --key 0294b9599d755de2bbf0fdca3fa5eab7:3bda2f40344c7def614227b9c0f03e26 --key 639da80cf23b55f3b8cab3f64cfa5df6:229f5f29b643e203004b30c4eaf348f4 -H "User-Agent: Mozilla/5.0 (Windows NT 10.0; Win64; x64) AppleWebKit/537.36 (KHTML, like Gecko) Chrome/134.0.0.0 Safari/537.36" -H "Origin: https://bitmovin.com" -H "Sec-Fetch-Site: cross-site" -H "Sec-Fetch-Mode: cors" -H "Sec-Fetch-Dest: empty" -H "Referer: https://bitmovin.com/"

07:53:39.235 INFO : N_m3u8DL-RE (Beta version) 20241203
07:53:39.283 EXTRA: ffmpeg => F:\Pari\PERSONAL-PROJECT\MyLibrary\DDownloader\DDownloader\bin\ffmpeg.exe
07:53:39.283 EXTRA: User-Defined Header => user-agent: Mozilla/5.0 (Windows NT 10.0; Win64; x64) AppleWebKit/537.36 (KHTML, like Gecko) Chrome/134.0.0.0 Safari/537.36
07:53:39.284 EXTRA: User-Defined Header => origin: https://bitmovin.com
07:53:39.284 EXTRA: User-Defined Header => sec-fetch-site: cross-site
07:53:39.285 EXTRA: User-Defined Header => sec-fetch-mode: cors
07:53:39.285 EXTRA: User-Defined Header => sec-fetch-dest: empty
07:53:39.285 EXTRA: User-Defined Header => referer: https://bitmovin.com/
07:53:39.287 INFO : Loading URL: https://cdn.bitmovin.com/content/assets/art-of-motion_drm/mpds/11331.mpd
07:53:39.389 INFO : Content Matched: Dynamic Adaptive Streaming over HTTP
07:53:39.391 INFO : Parsing streams...
07:53:39.391 INFO : Match bitmovin!
07:53:39.556 WARN : Writing meta json
07:53:39.772 INFO : Extracted, there are 7 streams, with 6 basic streams, 1 audio streams, 0 subtitle streams
07:53:39.773 INFO : Vid *CENC 1920x1080 | 4800 Kbps | 1080_4800000 | avc1.42c00d | 53 Segments | ~03m32s
07:53:39.774 INFO : Vid *CENC 1280x720 | 2400 Kbps | 720_2400000 | avc1.42c00d | 53 Segments | ~03m32s
07:53:39.774 INFO : Vid *CENC 960x540 | 1200 Kbps | 540_1200000 | avc1.42c00d | 53 Segments | ~03m32s
07:53:39.775 INFO : Vid *CENC 640x360 | 800 Kbps | 360_800000 | avc1.42c00d | 53 Segments | ~03m32s
07:53:39.775 INFO : Vid *CENC 480x270 | 400 Kbps | 270_400000 | avc1.42c00d | 53 Segments | ~03m32s
07:53:39.776 INFO : Vid *CENC 320x180 | 250 Kbps | 180_250000 | avc1.42c00d | 53 Segments | ~03m32s
07:53:39.777 INFO : Aud *CENC 1_stereo_192000 | 192 Kbps | mp4a.40.2 | en | 2CH | 53 Segments | ~03m31s
07:54:09.064 INFO : Parsing streams...
07:54:09.356 INFO : Selected streams:
07:54:09.357 INFO : Vid *CENC 1920x1080 | 4800 Kbps | 1080_4800000 | avc1.42c00d | 53 Segments | ~03m32s
07:54:09.358 INFO : Aud *CENC 1_stereo_192000 | 192 Kbps | mp4a.40.2 | en | 2CH | 53 Segments | ~03m31s
07:54:09.359 WARN : Writing meta json
07:54:09.360 INFO : Save Name: cdn_bitmovin_com
07:54:09.361 WARN : MuxAfterDone is detected, binary merging is automatically enabled
07:54:09.369 INFO : Start downloading...Aud 1_stereo_192000 | 192 Kbps | mp4a.40.2 | en | 2CH
07:54:09.369 INFO : Start downloading...Vid 1920x1080 | 4800 Kbps | 1080_4800000 | avc1.42c00d
07:54:09.479 WARN : Type: cenc
07:54:09.479 WARN : Type: cenc
07:54:09.487 WARN : PSSH(WV): CAESEOtnarvLNF6Wu89hZjDxo9oaDXdpZGV2aW5lX3Rlc3QiEGZrajNsamFTZGZhbGtyM2oqAkhEMgA=
07:54:09.488 WARN : PSSH(WV): CAESEOtnarvLNF6Wu89hZjDxo9oaDXdpZGV2aW5lX3Rlc3QiEGZrajNsamFTZGZhbGtyM2oqAkhEMgA=
07:54:09.489 WARN : KID: eb676abbcb345e96bbcf616630f1a3da
07:54:09.490 WARN : KID: eb676abbcb345e96bbcf616630f1a3da
07:54:09.491 WARN : Reading media info...
07:54:09.491 WARN : Reading media info...
07:54:10.512 INFO : [0x1]: Video, h264 (avc1), 1920x1080
07:54:10.512 INFO : [0x1]: Audio, aac (mp4a), 189 kb/s
07:54:14.327 INFO : Binary merging...
07:54:14.395 WARN : Type: cenc
07:54:14.396 WARN : PSSH(WV): CAESEOtnarvLNF6Wu89hZjDxo9oaDXdpZGV2aW5lX3Rlc3QiEGZrajNsamFTZGZhbGtyM2oqAkhEMgA=
07:54:14.398 WARN : KID: eb676abbcb345e96bbcf616630f1a3da
07:54:14.399 INFO : Decrypting using FFMPEG...
07:54:20.673 INFO : Binary merging...
07:54:21.798 WARN : Type: cenc
07:54:21.799 WARN : PSSH(WV): CAESEOtnarvLNF6Wu89hZjDxo9oaDXdpZGV2aW5lX3Rlc3QiEGZrajNsamFTZGZhbGtyM2oqAkhEMgA=
07:54:21.802 WARN : KID: eb676abbcb345e96bbcf616630f1a3da
07:54:21.804 INFO : Decrypting using FFMPEG...
07:54:23.435 WARN : cdn_bitmovin_com.mp4
07:54:23.436 WARN : cdn_bitmovin_com.en.m4a
07:54:23.436 WARN : Muxing to cdn_bitmovin_com.MUX.mp4
07:54:24.305 WARN : Cleaning files...
07:54:24.318 WARN : Rename to cdn_bitmovin_com.mp4
07:54:24.319 INFO : Done
