LOG 2025/03/06
Save Path: F:\Pari\PERSONAL-PROJECT\MyLibrary\DDownloader\DDownloader\bin\Logs
Task Start: 2025/03/06 03:05:58
Task CommandLine: F:\Pari\PERSONAL-PROJECT\MyLibrary\DDownloader\DDownloader\bin\N_m3u8DL-RE.exe https://mathocrat.cachefly.net/expiretime=1746124200;badurl=aHR0cHM6Ly9naXRodWIuY29tL1R3aXN0aW5nVHdpc3RzL21vdXNlbW92ZWE=/fde52fdc4a2e9e4b972667a316faa8dd187c1e0ef722cf9737a26354ba9d2942/GMT20240624-050601_Recording_1280x720/h264_master.m3u8 -mt -M format=mp4 --save-dir downloads --tmp-dir downloads --del-after-done --decryption-engine FFMPEG --decryption-binary-path F:\Pari\PERSONAL-PROJECT\MyLibrary\DDownloader\DDownloader\bin\ffmpeg.exe --save-name test --key abba271e8bcf552bbd2e86a434a9a5d9:69eaa802a6763af979e8d1940fb88392 --key f3c5e0361e6654b28f8049c778b23946:a4631a153a443df9eed0593043db7519

03:05:58.851 INFO : N_m3u8DL-RE (Beta version) 20241203
03:05:58.876 EXTRA: ffmpeg => F:\Pari\PERSONAL-PROJECT\MyLibrary\DDownloader\DDownloader\bin\ffmpeg.exe
03:05:58.876 INFO : Loading URL: https://mathocrat.cachefly.net/expiretime=1746124200;badurl=aHR0cHM6Ly9naXRodWIuY29tL1R3aXN0aW5nVHdpc3RzL21vdXNlbW92ZWE=/fde52fdc4a2e9e4b972667a316faa8dd187c1e0ef722cf9737a26354ba9d2942/GMT20240624-050601_Recording_1280x720/h264_master.m3u8
03:05:58.965 INFO : Content Matched: HTTP Live Streaming
03:05:58.966 INFO : Parsing streams...
03:05:58.966 WARN : Master List detected, try parse all streams
03:05:58.969 WARN : Writing meta json
03:05:58.971 INFO : Extracted, there are 3 streams, with 2 basic streams, 1 audio streams, 0 subtitle streams
03:05:58.971 INFO : Vid 854x480 | 454 Kbps | 25 | avc1.64001e | SDR
03:05:58.972 INFO : Vid 640x360 | 336 Kbps | 25 | avc1.64001e | SDR
03:05:58.973 INFO : Aud default-audio-group | stream_1 | 1CH
03:06:03.787 INFO : Parsing streams...
03:06:03.926 WARN : Live stream found
03:06:03.927 INFO : Selected streams:
03:06:03.928 INFO : Vid 854x480 | 454 Kbps | 25 | avc1.64001e | SDR | | ~00m00s
03:06:03.928 INFO : Aud default-audio-group | stream_1 | 1CH | | ~00m00s
03:06:03.929 WARN : Writing meta json
03:06:03.930 INFO : Save Name: test
03:06:03.931 WARN : MuxAfterDone is detected, binary merging is automatically enabled
03:06:03.932 ERROR: Index was out of range. Must be non-negative and less than the size of the collection. (Parameter 'index')
