LOG 2025/03/09
Save Path: F:\Pari\PERSONAL-PROJECT\MyLibrary\DDownloader\DDownloader\bin\Logs
Task Start: 2025/03/09 08:47:42
Task CommandLine: F:\Pari\PERSONAL-PROJECT\MyLibrary\DDownloader\DDownloader\bin\N_m3u8DL-RE.exe http://127.0.0.1:1337/dev/sooka/rewrite?url=https://vodejitp-asset-playback-b.astro.com.my/v4/default/cmaf-dash-wv/vode/4936610e-31b6-5d77-b1a1-809b00719c98/default_dash.mpd -mt -M format=mp4 --save-dir downloads --tmp-dir downloads --del-after-done --decryption-engine FFMPEG --decryption-binary-path F:\Pari\PERSONAL-PROJECT\MyLibrary\DDownloader\DDownloader\bin\ffmpeg.exe --save-name vodejitp_asset_playback_b_astro_com_my --key f517b7931f64fcaa21f038006aba5610:2f44f6dbce5b8d18a961d7b509811f14 -H "authorization: Bearer eyJraWQiOiJkNGZhMDkyMi1lOTdjLTRiYTUtOWM1OS0yMTY0YjQzOGE2ZjUiLCJqa3UiOiJodHRwczovL3NnLXNnLXNnLmFzdHJvLmNvbS5teTo5NDQzL29hdXRoMi9qd2tzP2tpZD1kNGZhMDkyMi1lOTdjLTRiYTUtOWM1OS0yMTY0YjQzOGE2ZjUiLCJhbGciOiJSUzI1NiJ9.eyJpYXQiOjE3NDE0ODAxMjAsInN1YiI6Ijg0NDQ1NzQxIiwiYXVkIjoiaXZwLnNlc3Npb25ndWFyZCIsImV4cCI6MTc0MTQ5MDkyMCwic2Vzc2lvbl9kYXRhIjp7InNlc3Npb24iOnsiZGV2SWQiOiI4NDQ0NTc0MS4yMWYyMjg0OC1lNDMxLTQ2ZmMtYWJhZi01NTk4ZmY3YWRlMDEiLCJndWVzdE1vZGUiOmZhbHNlLCJoaElkIjoiODQ0NDU3NDEiLCJidXNVbml0SWQiOiJBU1RSTyJ9fSwiZGV2aWNlRnVsbFR5cGUiOiJCcm93c2VyLURlZmF1bHQiLCJzY29wZSI6ImJyb3dzZSBwbGF5YmFjayIsInRva2VuX3R5cGUiOiJhY2Nlc3NfdG9rZW4iLCJzc2FfanRpIjoiYnJvd3NlciIsImNsaWVudF9pZCI6ImJyb3dzZXIiLCJqdGkiOiIzN2Y4OGU1Zi00MTg3LTRhYjMtYTU2Yy1hYzY3OTEzNDdmYTkifQ.YewZR145EIsUh5x1D2VprCXZZetQcFSrh5uFmCH9JWbxUHicqo0Oa-w-iCQRGO3A047gX4VwmTJyFJ_ikqH3YVuZxWF5WmHSZC4FqtrBntuoh1g8xN7Io6KZVooHfVGtxn3IVUjRQmVBim8wvZQ64Gh7EGxkh8IhEpLGmZ19n7nnA74dCf6lAgEQOApzklJ3CxJdPsequxrcBj_vRz4p7ryzayxbNEsEXtNgGw66qTPzRLGC6o1Hn1F8DI9h7Jb9kYGxOxF8_iYN-EIl4INhsbdAsIACQ-7DjOq9W0s1hvyzmZzgdREYEE1osGtCrDV_VjZkLaDN6towqvAcRvb-uA" -H "cache-control: no-cache , no-store" -H "accept-language: en" -H "User-Agent: Mozilla/5.0 (Windows NT 10.0; Win64; x64) AppleWebKit/537.36 (KHTML, like Gecko) Chrome/134.0.0.0 Safari/537.36" -H "content-type: application/json" -H "Origin: https://astrogo.astro.com.my" -H "Sec-Fetch-Site: same-site" -H "Sec-Fetch-Mode: cors" -H "Sec-Fetch-Dest: empty" -H "Referer: https://astrogo.astro.com.my/"

08:47:42.428 INFO : N_m3u8DL-RE (Beta version) 20241203
08:47:42.431 EXTRA: ffmpeg => F:\Pari\PERSONAL-PROJECT\MyLibrary\DDownloader\DDownloader\bin\ffmpeg.exe
08:47:42.431 EXTRA: User-Defined Header => authorization: Bearer eyJraWQiOiJkNGZhMDkyMi1lOTdjLTRiYTUtOWM1OS0yMTY0YjQzOGE2ZjUiLCJqa3UiOiJodHRwczovL3NnLXNnLXNnLmFzdHJvLmNvbS5teTo5NDQzL29hdXRoMi9qd2tzP2tpZD1kNGZhMDkyMi1lOTdjLTRiYTUtOWM1OS0yMTY0YjQzOGE2ZjUiLCJhbGciOiJSUzI1NiJ9.eyJpYXQiOjE3NDE0ODAxMjAsInN1YiI6Ijg0NDQ1NzQxIiwiYXVkIjoiaXZwLnNlc3Npb25ndWFyZCIsImV4cCI6MTc0MTQ5MDkyMCwic2Vzc2lvbl9kYXRhIjp7InNlc3Npb24iOnsiZGV2SWQiOiI4NDQ0NTc0MS4yMWYyMjg0OC1lNDMxLTQ2ZmMtYWJhZi01NTk4ZmY3YWRlMDEiLCJndWVzdE1vZGUiOmZhbHNlLCJoaElkIjoiODQ0NDU3NDEiLCJidXNVbml0SWQiOiJBU1RSTyJ9fSwiZGV2aWNlRnVsbFR5cGUiOiJCcm93c2VyLURlZmF1bHQiLCJzY29wZSI6ImJyb3dzZSBwbGF5YmFjayIsInRva2VuX3R5cGUiOiJhY2Nlc3NfdG9rZW4iLCJzc2FfanRpIjoiYnJvd3NlciIsImNsaWVudF9pZCI6ImJyb3dzZXIiLCJqdGkiOiIzN2Y4OGU1Zi00MTg3LTRhYjMtYTU2Yy1hYzY3OTEzNDdmYTkifQ.YewZR145EIsUh5x1D2VprCXZZetQcFSrh5uFmCH9JWbxUHicqo0Oa-w-iCQRGO3A047gX4VwmTJyFJ_ikqH3YVuZxWF5WmHSZC4FqtrBntuoh1g8xN7Io6KZVooHfVGtxn3IVUjRQmVBim8wvZQ64Gh7EGxkh8IhEpLGmZ19n7nnA74dCf6lAgEQOApzklJ3CxJdPsequxrcBj_vRz4p7ryzayxbNEsEXtNgGw66qTPzRLGC6o1Hn1F8DI9h7Jb9kYGxOxF8_iYN-EIl4INhsbdAsIACQ-7DjOq9W0s1hvyzmZzgdREYEE1osGtCrDV_VjZkLaDN6towqvAcRvb-uA
08:47:42.432 EXTRA: User-Defined Header => cache-control: no-cache , no-store
08:47:42.433 EXTRA: User-Defined Header => accept-language: en
08:47:42.433 EXTRA: User-Defined Header => user-agent: Mozilla/5.0 (Windows NT 10.0; Win64; x64) AppleWebKit/537.36 (KHTML, like Gecko) Chrome/134.0.0.0 Safari/537.36
08:47:42.433 EXTRA: User-Defined Header => content-type: application/json
08:47:42.434 EXTRA: User-Defined Header => origin: https://astrogo.astro.com.my
08:47:42.434 EXTRA: User-Defined Header => sec-fetch-site: same-site
08:47:42.435 EXTRA: User-Defined Header => sec-fetch-mode: cors
08:47:42.435 EXTRA: User-Defined Header => sec-fetch-dest: empty
08:47:42.436 EXTRA: User-Defined Header => referer: https://astrogo.astro.com.my/
08:47:42.436 INFO : Loading URL: http://127.0.0.1:1337/dev/sooka/rewrite?url=https://vodejitp-asset-playback-b.astro.com.my/v4/default/cmaf-dash-wv/vode/4936610e-31b6-5d77-b1a1-809b00719c98/default_dash.mpd
08:47:42.903 INFO : Content Matched: Dynamic Adaptive Streaming over HTTP
08:47:42.904 INFO : Parsing streams...
08:47:42.931 WARN : Writing meta json
08:47:43.097 INFO : Extracted, there are 13 streams, with 10 basic streams, 1 audio streams, 2 subtitle streams
08:47:43.098 INFO : Vid *CENC 3840x2160 | 8000 Kbps | Video7 | 25 | avc1.64001f | 479 Segments | ~47m49s
08:47:43.099 INFO : Vid 3840x2160 | 8000 Kbps | Video7 | 25 | avc1.64001f | 479 Segments | ~47m49s
08:47:43.100 INFO : Vid *CENC 1920x1080 | 4320 Kbps | Video6 | 25 | avc1.64001f | 479 Segments | ~47m49s
08:47:43.100 INFO : Vid 1920x1080 | 4320 Kbps | Video6 | 25 | avc1.64001f | 479 Segments | ~47m49s
08:47:43.101 INFO : Vid *CENC 1024x576 | 1791 Kbps | Video5 | 25 | avc1.64001f | 479 Segments | ~47m49s
08:47:43.102 INFO : Vid *CENC 854x480 | 1359 Kbps | Video4 | 25 | avc1.64001f | 479 Segments | ~47m49s
08:47:43.103 INFO : Vid *CENC 640x360 | 845 Kbps | Video3 | 25 | avc1.64001f | 479 Segments | ~47m49s
08:47:43.103 INFO : Vid *CENC 512x288 | 448 Kbps | Video2 | 25 | avc1.64001f | 479 Segments | ~47m49s
08:47:43.104 INFO : Vid *CENC 256x144 | 233 Kbps | Video1 | 25 | avc1.64001f | 479 Segments | ~47m49s
08:47:43.104 INFO : Vid 256x144 | 233 Kbps | IFrame1 | 0.5 | avc1.64001f | 479 Segments | ~47m49s
08:47:43.105 INFO : Aud *CENC Audio1 | 67 Kbps | mp4a.40.2 | may | 2CH | 479 Segments | ~47m48s
08:47:43.105 INFO : Sub Ttml1 | eng | stpp | 479 Segments | ~47m49s
08:47:43.106 INFO : Sub Ttml2 | may | stpp | 479 Segments | ~47m49s
08:47:46.510 INFO : Parsing streams...
08:47:46.513 INFO : Selected streams:
08:47:46.514 INFO : Vid *CENC 3840x2160 | 8000 Kbps | Video7 | 25 | avc1.64001f | 479 Segments | ~47m49s
08:47:46.515 INFO : Aud *CENC Audio1 | 67 Kbps | mp4a.40.2 | may | 2CH | 479 Segments | ~47m48s
08:47:46.515 INFO : Sub Ttml1 | eng | stpp | 479 Segments | ~47m49s
08:47:46.516 WARN : Writing meta json
08:47:46.521 INFO : Save Name: vodejitp_asset_playback_b_astro_com_my
08:47:46.522 WARN : MuxAfterDone is detected, binary merging is automatically enabled
08:47:46.524 INFO : Start downloading...Aud Audio1 | 67 Kbps | mp4a.40.2 | may | 2CH
08:47:46.524 INFO : Start downloading...Sub Ttml1 | eng | stpp
08:47:46.524 INFO : Start downloading...Vid 3840x2160 | 8000 Kbps | Video7 | 25 | avc1.64001f
08:47:46.642 WARN : Reading media info...
08:47:46.642 WARN : Type: cenc
08:47:46.643 WARN : PSSH(WV): IiQ0OTM2NjEwZS0zMWI2LTVkNzctYjFhMS04MDliMDA3MTljOThI49yVmwY=
08:47:46.645 WARN : KID: f517b7931f64fcaa21f038006aba5610
08:47:46.646 WARN : Reading media info...
08:47:46.721 WARN : Type: cenc
08:47:46.723 WARN : PSSH(WV): IiQ0OTM2NjEwZS0zMWI2LTVkNzctYjFhMS04MDliMDA3MTljOThI49yVmwY=
08:47:46.724 WARN : KID: f517b7931f64fcaa21f038006aba5610
08:47:46.725 WARN : Reading media info...
08:47:47.030 INFO : [0x1]: Video, h264 (avc1), 1920x1080
08:47:47.030 INFO : [0x1e2]: Audio, aac (mp4a), 63 kb/s
08:47:47.030 INFO : [0x7d00]: Subtitle, ttml (stpp) (default)
08:47:52.940 WARN : vodejitp_asset_playback_b_astro_com_my.eng.srt => vodejitp_asset_playback_b_astro_com_my.eng.copy.srt
08:47:52.941 WARN : vodejitp_asset_playback_b_astro_com_my.eng.copy.srt => vodejitp_asset_playback_b_astro_com_my.eng.copy.copy.srt
08:47:52.943 WARN : Extracting TTML(mp4) subtitle...
08:47:53.220 INFO : Binary merging...
08:47:56.108 WARN : vodejitp_asset_playback_b_astro_com_my.may.m4a => vodejitp_asset_playback_b_astro_com_my.may.copy.m4a
08:47:56.109 WARN : vodejitp_asset_playback_b_astro_com_my.may.copy.m4a => vodejitp_asset_playback_b_astro_com_my.may.copy.copy.m4a
08:47:56.110 INFO : Binary merging...
08:47:56.449 WARN : Type: cenc
08:47:56.450 WARN : PSSH(WV): IiQ0OTM2NjEwZS0zMWI2LTVkNzctYjFhMS04MDliMDA3MTljOThI49yVmwY=
08:47:56.452 WARN : KID: f517b7931f64fcaa21f038006aba5610
08:47:56.453 INFO : Decrypting using FFMPEG...
08:52:23.533 WARN : vodejitp_asset_playback_b_astro_com_my.mp4 => vodejitp_asset_playback_b_astro_com_my.copy.mp4
08:52:23.534 INFO : Binary merging...
08:52:44.767 WARN : Type: cenc
08:52:44.769 WARN : PSSH(WV): IiQ0OTM2NjEwZS0zMWI2LTVkNzctYjFhMS04MDliMDA3MTljOThI49yVmwY=
08:52:44.770 WARN : KID: f517b7931f64fcaa21f038006aba5610
08:52:44.771 INFO : Decrypting using FFMPEG...
08:53:03.852 WARN : vodejitp_asset_playback_b_astro_com_my.copy.mp4
08:53:03.867 WARN : vodejitp_asset_playback_b_astro_com_my.may.copy.copy.m4a
08:53:03.867 WARN : vodejitp_asset_playback_b_astro_com_my.eng.copy.copy.srt
08:53:03.891 WARN : Muxing to vodejitp_asset_playback_b_astro_com_my.MUX.mp4
08:53:27.286 WARN : Cleaning files...
08:53:27.526 INFO : Done
