LOG 2025/03/09
Save Path: F:\Pari\PERSONAL-PROJECT\MyLibrary\DDownloader\DDownloader\bin\Logs
Task Start: 2025/03/09 08:25:37
Task CommandLine: F:\Pari\PERSONAL-PROJECT\MyLibrary\DDownloader\DDownloader\bin\N_m3u8DL-RE.exe https://vodejitp-asset-playback-b.astro.com.my/v4/default/cmaf-dash-wv/vode/4936610e-31b6-5d77-b1a1-809b00719c98/default_dash.mpd -mt -M format=mp4 --save-dir downloads --tmp-dir downloads --del-after-done --decryption-engine FFMPEG --decryption-binary-path F:\Pari\PERSONAL-PROJECT\MyLibrary\DDownloader\DDownloader\bin\ffmpeg.exe --save-name vodejitp_asset_playback_b_astro_com_my --key f517b7931f64fcaa21f038006aba5610:2f44f6dbce5b8d18a961d7b509811f14 -H "authorization: Bearer eyJraWQiOiJkNGZhMDkyMi1lOTdjLTRiYTUtOWM1OS0yMTY0YjQzOGE2ZjUiLCJqa3UiOiJodHRwczovL3NnLXNnLXNnLmFzdHJvLmNvbS5teTo5NDQzL29hdXRoMi9qd2tzP2tpZD1kNGZhMDkyMi1lOTdjLTRiYTUtOWM1OS0yMTY0YjQzOGE2ZjUiLCJhbGciOiJSUzI1NiJ9.eyJpYXQiOjE3NDE0ODAxMjAsInN1YiI6Ijg0NDQ1NzQxIiwiYXVkIjoiaXZwLnNlc3Npb25ndWFyZCIsImV4cCI6MTc0MTQ5MDkyMCwic2Vzc2lvbl9kYXRhIjp7InNlc3Npb24iOnsiZGV2SWQiOiI4NDQ0NTc0MS4yMWYyMjg0OC1lNDMxLTQ2ZmMtYWJhZi01NTk4ZmY3YWRlMDEiLCJndWVzdE1vZGUiOmZhbHNlLCJoaElkIjoiODQ0NDU3NDEiLCJidXNVbml0SWQiOiJBU1RSTyJ9fSwiZGV2aWNlRnVsbFR5cGUiOiJCcm93c2VyLURlZmF1bHQiLCJzY29wZSI6ImJyb3dzZSBwbGF5YmFjayIsInRva2VuX3R5cGUiOiJhY2Nlc3NfdG9rZW4iLCJzc2FfanRpIjoiYnJvd3NlciIsImNsaWVudF9pZCI6ImJyb3dzZXIiLCJqdGkiOiIzN2Y4OGU1Zi00MTg3LTRhYjMtYTU2Yy1hYzY3OTEzNDdmYTkifQ.YewZR145EIsUh5x1D2VprCXZZetQcFSrh5uFmCH9JWbxUHicqo0Oa-w-iCQRGO3A047gX4VwmTJyFJ_ikqH3YVuZxWF5WmHSZC4FqtrBntuoh1g8xN7Io6KZVooHfVGtxn3IVUjRQmVBim8wvZQ64Gh7EGxkh8IhEpLGmZ19n7nnA74dCf6lAgEQOApzklJ3CxJdPsequxrcBj_vRz4p7ryzayxbNEsEXtNgGw66qTPzRLGC6o1Hn1F8DI9h7Jb9kYGxOxF8_iYN-EIl4INhsbdAsIACQ-7DjOq9W0s1hvyzmZzgdREYEE1osGtCrDV_VjZkLaDN6towqvAcRvb-uA" -H "cache-control: no-cache , no-store" -H "accept-language: en" -H "User-Agent: Mozilla/5.0 (Windows NT 10.0; Win64; x64) AppleWebKit/537.36 (KHTML, like Gecko) Chrome/134.0.0.0 Safari/537.36" -H "content-type: application/json" -H "Origin: https://astrogo.astro.com.my" -H "Sec-Fetch-Site: same-site" -H "Sec-Fetch-Mode: cors" -H "Sec-Fetch-Dest: empty" -H "Referer: https://astrogo.astro.com.my/"

08:25:37.494 INFO : N_m3u8DL-RE (Beta version) 20241203
08:25:37.498 EXTRA: ffmpeg => F:\Pari\PERSONAL-PROJECT\MyLibrary\DDownloader\DDownloader\bin\ffmpeg.exe
08:25:37.498 EXTRA: User-Defined Header => authorization: Bearer eyJraWQiOiJkNGZhMDkyMi1lOTdjLTRiYTUtOWM1OS0yMTY0YjQzOGE2ZjUiLCJqa3UiOiJodHRwczovL3NnLXNnLXNnLmFzdHJvLmNvbS5teTo5NDQzL29hdXRoMi9qd2tzP2tpZD1kNGZhMDkyMi1lOTdjLTRiYTUtOWM1OS0yMTY0YjQzOGE2ZjUiLCJhbGciOiJSUzI1NiJ9.eyJpYXQiOjE3NDE0ODAxMjAsInN1YiI6Ijg0NDQ1NzQxIiwiYXVkIjoiaXZwLnNlc3Npb25ndWFyZCIsImV4cCI6MTc0MTQ5MDkyMCwic2Vzc2lvbl9kYXRhIjp7InNlc3Npb24iOnsiZGV2SWQiOiI4NDQ0NTc0MS4yMWYyMjg0OC1lNDMxLTQ2ZmMtYWJhZi01NTk4ZmY3YWRlMDEiLCJndWVzdE1vZGUiOmZhbHNlLCJoaElkIjoiODQ0NDU3NDEiLCJidXNVbml0SWQiOiJBU1RSTyJ9fSwiZGV2aWNlRnVsbFR5cGUiOiJCcm93c2VyLURlZmF1bHQiLCJzY29wZSI6ImJyb3dzZSBwbGF5YmFjayIsInRva2VuX3R5cGUiOiJhY2Nlc3NfdG9rZW4iLCJzc2FfanRpIjoiYnJvd3NlciIsImNsaWVudF9pZCI6ImJyb3dzZXIiLCJqdGkiOiIzN2Y4OGU1Zi00MTg3LTRhYjMtYTU2Yy1hYzY3OTEzNDdmYTkifQ.YewZR145EIsUh5x1D2VprCXZZetQcFSrh5uFmCH9JWbxUHicqo0Oa-w-iCQRGO3A047gX4VwmTJyFJ_ikqH3YVuZxWF5WmHSZC4FqtrBntuoh1g8xN7Io6KZVooHfVGtxn3IVUjRQmVBim8wvZQ64Gh7EGxkh8IhEpLGmZ19n7nnA74dCf6lAgEQOApzklJ3CxJdPsequxrcBj_vRz4p7ryzayxbNEsEXtNgGw66qTPzRLGC6o1Hn1F8DI9h7Jb9kYGxOxF8_iYN-EIl4INhsbdAsIACQ-7DjOq9W0s1hvyzmZzgdREYEE1osGtCrDV_VjZkLaDN6towqvAcRvb-uA
08:25:37.499 EXTRA: User-Defined Header => cache-control: no-cache , no-store
08:25:37.499 EXTRA: User-Defined Header => accept-language: en
08:25:37.500 EXTRA: User-Defined Header => user-agent: Mozilla/5.0 (Windows NT 10.0; Win64; x64) AppleWebKit/537.36 (KHTML, like Gecko) Chrome/134.0.0.0 Safari/537.36
08:25:37.500 EXTRA: User-Defined Header => content-type: application/json
08:25:37.501 EXTRA: User-Defined Header => origin: https://astrogo.astro.com.my
08:25:37.501 EXTRA: User-Defined Header => sec-fetch-site: same-site
08:25:37.501 EXTRA: User-Defined Header => sec-fetch-mode: cors
08:25:37.502 EXTRA: User-Defined Header => sec-fetch-dest: empty
08:25:37.503 EXTRA: User-Defined Header => referer: https://astrogo.astro.com.my/
08:25:37.503 INFO : Loading URL: https://vodejitp-asset-playback-b.astro.com.my/v4/default/cmaf-dash-wv/vode/4936610e-31b6-5d77-b1a1-809b00719c98/default_dash.mpd
08:25:37.563 INFO : Content Matched: Dynamic Adaptive Streaming over HTTP
08:25:37.564 INFO : Parsing streams...
08:25:37.589 WARN : Writing meta json
08:25:37.610 INFO : Extracted, there are 9 streams, with 6 basic streams, 1 audio streams, 2 subtitle streams
08:25:37.611 INFO : Vid *CENC 1024x576 | 1791 Kbps | Video5 | 25 | avc1.64001f | 479 Segments | ~47m49s
08:25:37.612 INFO : Vid *CENC 854x480 | 1359 Kbps | Video4 | 25 | avc1.64001f | 479 Segments | ~47m49s
08:25:37.613 INFO : Vid *CENC 640x360 | 845 Kbps | Video3 | 25 | avc1.64001f | 479 Segments | ~47m49s
08:25:37.613 INFO : Vid *CENC 512x288 | 448 Kbps | Video2 | 25 | avc1.64001f | 479 Segments | ~47m49s
08:25:37.614 INFO : Vid *CENC 256x144 | 233 Kbps | Video1 | 25 | avc1.64001f | 479 Segments | ~47m49s
08:25:37.615 INFO : Vid 256x144 | 233 Kbps | IFrame1 | 0.5 | avc1.64001f | 479 Segments | ~47m49s
08:25:37.616 INFO : Aud *CENC Audio1 | 67 Kbps | mp4a.40.2 | may | 2CH | 479 Segments | ~47m48s
08:25:37.616 INFO : Sub Ttml1 | eng | stpp | 479 Segments | ~47m49s
08:25:37.617 INFO : Sub Ttml2 | may | stpp | 479 Segments | ~47m49s
08:25:40.256 INFO : Parsing streams...
08:25:40.259 INFO : Selected streams:
08:25:40.260 INFO : Vid *CENC 1024x576 | 1791 Kbps | Video5 | 25 | avc1.64001f | 479 Segments | ~47m49s
08:25:40.261 INFO : Aud *CENC Audio1 | 67 Kbps | mp4a.40.2 | may | 2CH | 479 Segments | ~47m48s
08:25:40.261 INFO : Sub Ttml1 | eng | stpp | 479 Segments | ~47m49s
08:25:40.262 WARN : Writing meta json
08:25:40.267 INFO : Save Name: vodejitp_asset_playback_b_astro_com_my
08:25:40.268 WARN : MuxAfterDone is detected, binary merging is automatically enabled
08:25:40.270 INFO : Start downloading...Vid 1024x576 | 1791 Kbps | Video5 | 25 | avc1.64001f
08:25:40.271 INFO : Start downloading...Aud Audio1 | 67 Kbps | mp4a.40.2 | may | 2CH
08:25:40.270 INFO : Start downloading...Sub Ttml1 | eng | stpp
08:25:40.285 WARN : Type: cenc
08:25:40.285 WARN : PSSH(WV): IiQ0OTM2NjEwZS0zMWI2LTVkNzctYjFhMS04MDliMDA3MTljOThI49yVmwY=
08:25:40.286 WARN : KID: f517b7931f64fcaa21f038006aba5610
08:25:40.286 WARN : Reading media info...
08:25:40.386 WARN : Reading media info...
08:25:40.386 WARN : Type: cenc
08:25:40.389 WARN : PSSH(WV): IiQ0OTM2NjEwZS0zMWI2LTVkNzctYjFhMS04MDliMDA3MTljOThI49yVmwY=
08:25:40.390 WARN : KID: f517b7931f64fcaa21f038006aba5610
08:25:40.391 WARN : Reading media info...
08:25:42.373 INFO : [0x7d00]: Subtitle, ttml (stpp) (default)
08:25:42.374 INFO : [0x1e2]: Audio, aac (mp4a), 63 kb/s
08:25:42.375 INFO : [0x1]: Video, h264 (avc1), 1024x576
08:25:49.441 WARN : Extracting TTML(mp4) subtitle...
08:25:49.740 INFO : Binary merging...
08:25:54.387 INFO : Binary merging...
08:25:54.776 WARN : Type: cenc
08:25:54.777 WARN : PSSH(WV): IiQ0OTM2NjEwZS0zMWI2LTVkNzctYjFhMS04MDliMDA3MTljOThI49yVmwY=
08:25:54.779 WARN : KID: f517b7931f64fcaa21f038006aba5610
08:25:54.780 INFO : Decrypting using FFMPEG...
08:27:12.545 INFO : Binary merging...
08:27:18.335 WARN : Type: cenc
08:27:18.336 WARN : PSSH(WV): IiQ0OTM2NjEwZS0zMWI2LTVkNzctYjFhMS04MDliMDA3MTljOThI49yVmwY=
08:27:18.337 WARN : KID: f517b7931f64fcaa21f038006aba5610
08:27:18.338 INFO : Decrypting using FFMPEG...
08:27:25.909 WARN : vodejitp_asset_playback_b_astro_com_my.mp4
08:27:25.910 WARN : vodejitp_asset_playback_b_astro_com_my.may.m4a
08:27:25.911 WARN : vodejitp_asset_playback_b_astro_com_my.eng.srt
08:27:25.911 WARN : Muxing to vodejitp_asset_playback_b_astro_com_my.MUX.mp4
08:27:31.831 WARN : Cleaning files...
08:27:31.902 WARN : Rename to vodejitp_asset_playback_b_astro_com_my.mp4
08:27:31.904 INFO : Done
