LOG 2025/03/17
Save Path: F:\Pari\PERSONAL-PROJECT\MyLibrary\DDownloader\DDownloader\bin\Logs
Task Start: 2025/03/17 02:56:50
Task CommandLine: F:\Pari\PERSONAL-PROJECT\MyLibrary\DDownloader\DDownloader\bin\N_m3u8DL-RE.exe https://clvod.itworkscdn.net/sbavod/smil:itwfcdn/sba/2201536-35bO9v3TVC8C2YE.smil/playlist.m3u8 -mt -M format=mp4 --save-dir downloads --tmp-dir downloads --del-after-done --decryption-engine FFMPEG --decryption-binary-path F:\Pari\PERSONAL-PROJECT\MyLibrary\DDownloader\DDownloader\bin\ffmpeg.exe --save-name test

02:56:50.319 INFO : N_m3u8DL-RE (Beta version) 20241203
02:56:50.336 EXTRA: ffmpeg => F:\Pari\PERSONAL-PROJECT\MyLibrary\DDownloader\DDownloader\bin\ffmpeg.exe
02:56:50.337 INFO : Loading URL: https://clvod.itworkscdn.net/sbavod/smil:itwfcdn/sba/2201536-35bO9v3TVC8C2YE.smil/playlist.m3u8
02:56:50.437 INFO : Content Matched: HTTP Live Streaming
02:56:50.438 INFO : Parsing streams...
02:56:50.439 WARN : Master List detected, try parse all streams
02:56:50.441 WARN : Writing meta json
02:56:50.443 INFO : Extracted, there are 1 streams, with 1 basic streams, 0 audio streams, 0 subtitle streams
02:56:50.443 INFO : Vid 1920x1080 | 765 Kbps | 30 | avc1.420028 | SDR
02:56:50.444 INFO : Parsing streams...
02:56:50.480 INFO : Selected streams:
02:56:50.481 INFO : Vid 1920x1080 | 765 Kbps | 30 | avc1.420028 | SDR | 1 Segment | ~00m05s
02:56:50.481 WARN : Writing meta json
02:56:50.483 INFO : Save Name: test
02:56:50.483 WARN : MuxAfterDone is detected, binary merging is automatically enabled
02:56:50.859 INFO : Start downloading...Vid 1920x1080 | 765 Kbps | 30 | avc1.420028 | SDR
02:56:50.975 WARN : Reading media info...
02:56:51.030 INFO : [0x100]: Video, h264 (Baseline) ([27][0][0][0]), 1920x1080, 30 fps
02:56:51.031 INFO : [0x101]: Data, timed_id3 (ID3 )
02:56:51.032 INFO : Binary merging...
02:56:51.041 WARN : test.ts
02:56:51.042 WARN : Muxing to test.MUX.mp4
02:56:51.088 WARN : [mpegts @ 0000025ed8b8ff80] start time for stream 1 is not set in estimate_timings_from_pts
02:56:51.101 WARN : Cleaning files...
02:56:51.103 WARN : Rename to test.mp4
02:56:51.104 INFO : Done
