LOG 2025/03/14
Save Path: F:\Pari\PERSONAL-PROJECT\MyLibrary\DDownloader\DDownloader\bin\Logs
Task Start: 2025/03/14 18:55:10
Task CommandLine: F:\Pari\PERSONAL-PROJECT\MyLibrary\DDownloader\DDownloader\bin\N_m3u8DL-RE.exe https://akm.asia.prd.media.max.com/r/dash.mpd?f.audioTrack=cmn-TW%7Cprogram&f.audioTrack=en-US%7Cprogram&f.audioTrack=ms-MY%7Cprogram&f.audioTrack=th%7Cprogram&f.audioTrack=yue%7Cprogram&f.mergePeriods=true&f.textTrack=en-US&f.textTrack=id&f.textTrack=ms-MY&f.textTrack=th&f.textTrack=zh-Hans-SG&f.textTrack=zh-Hant-TW%7Csubtitle&f.videoCodec=avc&f.videoDynamicRange=sdr&f.videoMaxHeight=1920&f.videoMaxWidth=1080&r.duration=30.000000&r.duration=5983.320000&r.keymod=2&r.main=1&r.manifest=5e169c93-7233-43a7-b8dc-dbec480f4186%2F0_611023.mpd&r.manifest=98adc774-0336-4f5a-9e44-59a9c4311cc6%2F4_7aad72.mpd&r.origin=cfc%7Cprd-wbd-apac-vod&x-wbd-tenant=beam&x-wbd-user-home-market=apac -mt -M format=mp4 --save-dir downloads --tmp-dir downloads --del-after-done --decryption-engine FFMPEG --decryption-binary-path F:\Pari\PERSONAL-PROJECT\MyLibrary\DDownloader\DDownloader\bin\ffmpeg.exe --save-name Transformers --key 010109bf2a8ba7275a1e6a5aed764af6:053759400c716613650b4b3f349e9b56 --key 0100f02dc4237b259edd8295aba459ca:16bc29d46a34a9b68ac158a640d682f5

18:55:10.050 INFO : N_m3u8DL-RE (Beta version) 20241203
18:55:10.095 EXTRA: ffmpeg => F:\Pari\PERSONAL-PROJECT\MyLibrary\DDownloader\DDownloader\bin\ffmpeg.exe
18:55:10.113 INFO : Loading URL: https://akm.asia.prd.media.max.com/r/dash.mpd?f.audioTrack=cmn-TW%7Cprogram&f.audioTrack=en-US%7Cprogram&f.audioTrack=ms-MY%7Cprogram&f.audioTrack=th%7Cprogram&f.audioTrack=yue%7Cprogram&f.mergePeriods=true&f.textTrack=en-US&f.textTrack=id&f.textTrack=ms-MY&f.textTrack=th&f.textTrack=zh-Hans-SG&f.textTrack=zh-Hant-TW%7Csubtitle&f.videoCodec=avc&f.videoDynamicRange=sdr&f.videoMaxHeight=1920&f.videoMaxWidth=1080&r.duration=30.000000&r.duration=5983.320000&r.keymod=2&r.main=1&r.manifest=5e169c93-7233-43a7-b8dc-dbec480f4186%2F0_611023.mpd&r.manifest=98adc774-0336-4f5a-9e44-59a9c4311cc6%2F4_7aad72.mpd&r.origin=cfc%7Cprd-wbd-apac-vod&x-wbd-tenant=beam&x-wbd-user-home-market=apac
18:55:10.584 INFO : Content Matched: Dynamic Adaptive Streaming over HTTP
18:55:10.586 INFO : Parsing streams...
18:55:10.753 WARN : Writing meta json
18:55:10.767 INFO : Extracted, there are 36 streams, with 18 basic streams, 10 audio streams, 8 subtitle streams
18:55:10.768 INFO : Vid *CENC 1920x1080 | 14904 Kbps | v7 | 25 | avc1.640029 | 1 Segment | Main | ~01h39m43s
18:55:10.768 INFO : Vid 1920x1080 | 12351 Kbps | v0 | 25 | avc1.640029 | 1 Segment | Main | ~00m30s
18:55:10.769 INFO : Vid *CENC 1600x900 | 9628 Kbps | v6 | 25 | avc1.640028 | 1 Segment | Main | ~01h39m43s
18:55:10.770 INFO : Vid 1600x900 | 6825 Kbps | v8 | 25 | avc1.640028 | 1 Segment | Main | ~00m30s
18:55:10.770 INFO : Vid *CENC 1280x720 | 6443 Kbps | v0 | 25 | avc1.64001f | 1 Segment | Main | ~01h39m43s
18:55:10.771 INFO : Vid *CENC 1024x576 | 4177 Kbps | v8 | 25 | avc1.64001f | 1 Segment | Main | ~01h39m43s
18:55:10.771 INFO : Vid 1280x720 | 3826 Kbps | v1 | 25 | avc1.64001f | 1 Segment | Main | ~00m30s
18:55:10.772 INFO : Vid *CENC 768x432 | 2657 Kbps | v4 | 25 | avc1.64001e | 1 Segment | Main | ~01h39m43s
18:55:10.773 INFO : Vid 1024x576 | 2196 Kbps | v5 | 25 | avc1.64001f | 1 Segment | Main | ~00m30s
18:55:10.773 INFO : Vid *CENC 640x360 | 1646 Kbps | v1 | 25 | avc1.64001e | 1 Segment | Main | ~01h39m43s
18:55:10.774 INFO : Vid 768x432 | 1343 Kbps | v7 | 25 | avc1.64001e | 1 Segment | Main | ~00m30s
18:55:10.774 INFO : Vid 640x360 | 996 Kbps | v2 | 25 | avc1.64001e | 1 Segment | Main | ~00m30s
18:55:10.775 INFO : Vid *CENC 544x306 | 758 Kbps | v3 | 25 | avc1.640015 | 2 Segments | Main | ~01h40m13s
18:55:10.776 INFO : Vid *CENC 480x270 | 697 Kbps | v2 | 25 | avc1.640015 | 1 Segment | Main | ~01h39m43s
18:55:10.776 INFO : Vid 480x270 | 533 Kbps | v6 | 25 | avc1.640015 | 1 Segment | Main | ~00m30s
18:55:10.777 INFO : Vid *CENC 416x234 | 458 Kbps | v5 | 25 | avc1.64000d | 1 Segment | Main | ~01h39m43s
18:55:10.778 INFO : Vid 416x234 | 365 Kbps | v4 | 25 | avc1.64000d | 1 Segment | Main | ~00m30s
18:55:10.779 INFO : Vid 352x198 | 2 Kbps | images_1 | 1203 Segments | ~01h40m15s
18:55:10.779 INFO : Aud *CENC a8 | 258 Kbps | ec-3 | en-US | 6CH | 1 Segment | ~01h39m43s
18:55:10.780 INFO : Aud *CENC a4 | 130 Kbps | ec-3 | cmn-TW | 2CH | 1 Segment | ~01h39m43s
18:55:10.781 INFO : Aud *CENC a7 | 130 Kbps | ec-3 | th | 2CH | 1 Segment | ~01h39m43s
18:55:10.781 INFO : Aud *CENC a2 | 128 Kbps | ec-3 | en-US | 2CH | 2 Segments | ~01h40m13s
18:55:10.782 INFO : Aud *CENC a1 | 128 Kbps | ec-3 | th | 2CH | 2 Segments | ~01h40m13s
18:55:10.783 INFO : Aud *CENC a5 | 66 Kbps | mp4a.40.5 | cmn-TW | 2CH | 1 Segment | ~01h39m43s
18:55:10.784 INFO : Aud *CENC a9 | 66 Kbps | mp4a.40.5 | en-US | 2CH | 1 Segment | ~01h39m43s
18:55:10.784 INFO : Aud *CENC a6 | 66 Kbps | mp4a.40.5 | th | 2CH | 1 Segment | ~01h39m43s
18:55:10.785 INFO : Aud *CENC a3 | 64 Kbps | mp4a.40.5 | en-US | 2CH | 2 Segments | ~01h40m13s
18:55:10.786 INFO : Aud *CENC a0 | 64 Kbps | mp4a.40.5 | th | 2CH | 2 Segments | ~01h40m13s
18:55:10.786 INFO : Sub t5 | th | 7 Segments | Subtitle | ~01h40m13s
18:55:10.787 INFO : Sub t1 | zh-Hans-SG | 7 Segments | Subtitle | ~01h40m13s
18:55:10.787 INFO : Sub t6 | id | 6 Segments | Subtitle | ~01h39m43s
18:55:10.788 INFO : Sub t8 | zh-Hant-TW | 6 Segments | Subtitle | ~01h39m43s
18:55:10.789 INFO : Sub t0 | zh-Hant-TW | 7 Segments | Subtitle | ~01h40m13s
18:55:10.789 INFO : Sub t2 | ms-MY | 7 Segments | Subtitle | ~01h40m13s
18:55:10.790 INFO : Sub t4 | id | 7 Segments | Subtitle | ~01h40m13s
18:55:10.791 INFO : Sub t3 | en-US | 7 Segments | Subtitle | ~01h40m13s
18:57:00.802 INFO : Parsing streams...
18:57:01.095 INFO : Selected streams:
18:57:01.097 INFO : Vid *CENC 1920x1080 | 14904 Kbps | v7 | 25 | avc1.640029 | 1 Segment | Main | ~01h39m43s
18:57:01.098 INFO : Aud *CENC a8 | 258 Kbps | ec-3 | en-US | 6CH | 1 Segment | ~01h39m43s
18:57:01.098 INFO : Sub t5 | th | 7 Segments | Subtitle | ~01h40m13s
18:57:01.099 WARN : Writing meta json
18:57:01.100 INFO : Save Name: Transformers
18:57:01.101 WARN : MuxAfterDone is detected, binary merging is automatically enabled
18:57:01.104 INFO : Start downloading...Sub t5 | th | Subtitle
18:57:01.202 WARN : Reading media info...
18:57:01.317 WARN : The entire file has been cut into small segments to accelerate
18:57:01.354 WARN : The entire file has been cut into small segments to accelerate
18:57:01.360 INFO : Start downloading...Vid 1920x1080 | 14904 Kbps | v7 | 25 | avc1.640029 | Main
18:57:01.383 INFO : Start downloading...Aud a8 | 258 Kbps | ec-3 | en-US | 6CH
18:57:02.425 INFO : NaN: Subtitle, webvtt
18:57:02.635 WARN : Extracting VTT(raw) subtitle...
18:57:02.658 INFO : Binary merging...
18:57:03.068 WARN : Type: cenc
18:57:03.070 WARN : KID: 0105a4eade028e6ba91b87e35dd7bda9
18:57:03.071 WARN : Reading media info...
18:57:03.125 WARN : Type: cenc
18:57:03.145 WARN : KID: 0100f02dc4237b259edd8295aba459ca
18:57:03.156 WARN : Reading media info...
18:57:03.187 INFO : [0x1]: Video, h264 (High) (avc1), 1920x1080, 25 fps, 2629 kb/s
18:57:03.322 INFO : [0x1]: Audio, eac3 (ec-3), 256 kb/s
18:57:35.295 INFO : Binary merging...
18:57:38.422 WARN : Type: cenc
18:57:38.713 WARN : KID: 0100f02dc4237b259edd8295aba459ca
18:57:38.715 INFO : Decrypting using FFMPEG...
18:57:38.944 ERROR: Decryption failed
19:02:15.122 INFO : Binary merging...
19:09:31.440 WARN : Type: cenc
19:09:31.453 WARN : KID: 0105a4eade028e6ba91b87e35dd7bda9
19:09:31.454 INFO : Decrypting using FFMPEG...
19:09:31.504 WARN : Transformers.mp4
19:09:31.504 WARN : Transformers.en-US.m4a
19:09:31.505 WARN : Transformers.th.srt
19:09:31.506 WARN : Muxing to Transformers.MUX.mp4
19:09:32.397 WARN : [h264 @ 0000019394d208c0] top block unavailable for requested intra mode
19:09:32.398 WARN : [h264 @ 0000019394d208c0] error while decoding MB 5 0, bytestream 9309
19:09:32.415 WARN : [eac3 @ 0000019394d22fc0] invalid bitstream id
19:09:32.426 WARN : [eac3 @ 0000019394d22fc0] unable to determine channel mode
19:09:32.497 WARN : [mp4 @ 0000019395627c80] track 1: codec frame size is not set
19:09:32.499 WARN : [mp4 @ 0000019395627c80] Dropping invalid packet from start of the stream
19:09:32.539 WARN : [vost#0:0/copy @ 0000019394d98fc0] Error submitting a packet to the muxer: Invalid argument
19:09:32.558 WARN :     Last message repeated 1 times
19:09:32.559 WARN : [out#0/mp4 @ 0000019395386240] Error muxing a packet
19:09:32.559 WARN : [out#0/mp4 @ 0000019395386240] Task finished with error code: -22 (Invalid argument)
19:09:32.560 WARN : [out#0/mp4 @ 0000019395386240] Terminating thread with return code -22 (Invalid argument)
19:09:32.560 WARN : [mp4 @ 0000019395627c80] Dropping invalid packet from start of the stream
19:09:32.567 ERROR: Mux failed
19:09:32.594 ERROR: Failed
